2023/05/21 13:45:39 [INFO] Packer version: 1.8.6 [go1.20.1 linux amd64]
2023/05/21 13:45:39 [TRACE] discovering plugins in /usr/bin
2023/05/21 13:45:39 [TRACE] discovering plugins in /home/folaht/.config/packer/plugins
2023/05/21 13:45:39 [DEBUG] Discovered plugin: qemu = /home/folaht/.config/packer/plugins/github.com/hashicorp/qemu/packer-plugin-qemu_v1.0.9_x5.0_linux_amd64
2023/05/21 13:45:40 [INFO] found external [-packer-default-plugin-name-] builders from qemu plugin
2023/05/21 13:45:40 [TRACE] discovering plugins in .
2023/05/21 13:45:40 [INFO] PACKER_CONFIG env var set; attempting to open config file: /home/folaht/.config/packer/packerconfig
2023/05/21 13:45:40 [INFO] Setting cache directory: /home/folaht/.cache/packer
2023/05/21 13:45:40 [TRACE] listing potential installations for "github.com/hashicorp/qemu" that match ">= 1.0.9". plugingetter.ListInstallationsOptions{FromFolders:[]string{"/usr/bin/packer", ".", "/home/folaht/.config/packer/plugins"}, BinaryInstallationOptions:plugingetter.BinaryInstallationOptions{APIVersionMajor:"5", APIVersionMinor:"0", OS:"linux", ARCH:"amd64", Ext:"", Checksummers:[]plugingetter.Checksummer{plugingetter.Checksummer{Type:"sha256", Hash:(*sha256.digest)(0xc0007d8b80)}}}}
2023/05/21 13:45:40 [TRACE] Found the following "github.com/hashicorp/qemu" installations: [{/home/folaht/.config/packer/plugins/github.com/hashicorp/qemu/packer-plugin-qemu_v1.0.9_x5.0_linux_amd64 v1.0.9}]
2023/05/21 13:45:40 [INFO] found external [-packer-default-plugin-name-] builders from qemu plugin
2023/05/21 13:45:40 [TRACE] validateValue: not active for country, so skipping
2023/05/21 13:45:40 [TRACE] validateValue: not active for iso_checksum, so skipping
2023/05/21 13:45:40 [TRACE] validateValue: not active for iso_url, so skipping
2023/05/21 13:45:40 [TRACE] Starting external plugin /home/folaht/.config/packer/plugins/github.com/hashicorp/qemu/packer-plugin-qemu_v1.0.9_x5.0_linux_amd64 start builder -packer-default-plugin-name-
2023/05/21 13:45:40 Starting plugin: /home/folaht/.config/packer/plugins/github.com/hashicorp/qemu/packer-plugin-qemu_v1.0.9_x5.0_linux_amd64 []string{"/home/folaht/.config/packer/plugins/github.com/hashicorp/qemu/packer-plugin-qemu_v1.0.9_x5.0_linux_amd64", "start", "builder", "-packer-default-plugin-name-"}
2023/05/21 13:45:40 Waiting for RPC address for: /home/folaht/.config/packer/plugins/github.com/hashicorp/qemu/packer-plugin-qemu_v1.0.9_x5.0_linux_amd64
2023/05/21 13:45:40 packer-plugin-qemu_v1.0.9_x5.0_linux_amd64 plugin: 2023/05/21 13:45:40 Plugin address: unix /tmp/packer-plugin3065196761
2023/05/21 13:45:40 Received unix RPC address for /home/folaht/.config/packer/plugins/github.com/hashicorp/qemu/packer-plugin-qemu_v1.0.9_x5.0_linux_amd64: addr is /tmp/packer-plugin3065196761
2023/05/21 13:45:40 packer-plugin-qemu_v1.0.9_x5.0_linux_amd64 plugin: 2023/05/21 13:45:40 Waiting for connection...
2023/05/21 13:45:40 packer-plugin-qemu_v1.0.9_x5.0_linux_amd64 plugin: 2023/05/21 13:45:40 Serving a plugin connection...
2023/05/21 13:45:40 packer-plugin-qemu_v1.0.9_x5.0_linux_amd64 plugin: 2023/05/21 13:45:40 [TRACE] starting builder -packer-default-plugin-name-
2023/05/21 13:45:40 packer-plugin-qemu_v1.0.9_x5.0_linux_amd64 plugin: 2023/05/21 13:45:40 use specified accelerator: kvm
2023/05/21 13:45:40 [TRACE] Starting internal plugin packer-provisioner-file
2023/05/21 13:45:40 Starting plugin: /usr/bin/packer []string{"/usr/bin/packer", "plugin", "packer-provisioner-file"}
2023/05/21 13:45:40 Waiting for RPC address for: /usr/bin/packer
2023/05/21 13:45:40 packer-provisioner-file plugin: [INFO] Packer version: 1.8.6 [go1.20.1 linux amd64]
2023/05/21 13:45:40 packer-provisioner-file plugin: [INFO] PACKER_CONFIG env var set; attempting to open config file: /home/folaht/.config/packer/packerconfig
2023/05/21 13:45:40 packer-provisioner-file plugin: [INFO] Setting cache directory: /home/folaht/.cache/packer
2023/05/21 13:45:40 packer-provisioner-file plugin: args: []string{"packer-provisioner-file"}
2023/05/21 13:45:40 Received unix RPC address for /usr/bin/packer: addr is /tmp/packer-plugin1033171583
2023/05/21 13:45:40 packer-provisioner-file plugin: Plugin address: unix /tmp/packer-plugin1033171583
2023/05/21 13:45:40 packer-provisioner-file plugin: Waiting for connection...
2023/05/21 13:45:40 packer-provisioner-file plugin: Serving a plugin connection...
2023/05/21 13:45:40 [TRACE] Starting internal plugin packer-provisioner-shell
2023/05/21 13:45:40 Starting plugin: /usr/bin/packer []string{"/usr/bin/packer", "plugin", "packer-provisioner-shell"}
2023/05/21 13:45:40 Waiting for RPC address for: /usr/bin/packer
2023/05/21 13:45:40 packer-provisioner-shell plugin: [INFO] Packer version: 1.8.6 [go1.20.1 linux amd64]
2023/05/21 13:45:40 packer-provisioner-shell plugin: [INFO] PACKER_CONFIG env var set; attempting to open config file: /home/folaht/.config/packer/packerconfig
2023/05/21 13:45:40 packer-provisioner-shell plugin: [INFO] Setting cache directory: /home/folaht/.cache/packer
2023/05/21 13:45:40 packer-provisioner-shell plugin: args: []string{"packer-provisioner-shell"}
2023/05/21 13:45:40 Received unix RPC address for /usr/bin/packer: addr is /tmp/packer-plugin3653567453
2023/05/21 13:45:40 packer-provisioner-shell plugin: Plugin address: unix /tmp/packer-plugin3653567453
2023/05/21 13:45:40 packer-provisioner-shell plugin: Waiting for connection...
2023/05/21 13:45:40 packer-provisioner-shell plugin: Serving a plugin connection...
2023/05/21 13:45:40 [TRACE] Starting internal plugin packer-provisioner-shell
2023/05/21 13:45:40 Starting plugin: /usr/bin/packer []string{"/usr/bin/packer", "plugin", "packer-provisioner-shell"}
2023/05/21 13:45:40 Waiting for RPC address for: /usr/bin/packer
2023/05/21 13:45:40 packer-provisioner-shell plugin: [INFO] Packer version: 1.8.6 [go1.20.1 linux amd64]
2023/05/21 13:45:40 packer-provisioner-shell plugin: [INFO] PACKER_CONFIG env var set; attempting to open config file: /home/folaht/.config/packer/packerconfig
2023/05/21 13:45:40 packer-provisioner-shell plugin: [INFO] Setting cache directory: /home/folaht/.cache/packer
2023/05/21 13:45:40 packer-provisioner-shell plugin: args: []string{"packer-provisioner-shell"}
2023/05/21 13:45:40 packer-provisioner-shell plugin: Plugin address: unix /tmp/packer-plugin3985789598
2023/05/21 13:45:40 packer-provisioner-shell plugin: Waiting for connection...
2023/05/21 13:45:40 Received unix RPC address for /usr/bin/packer: addr is /tmp/packer-plugin3985789598
2023/05/21 13:45:40 packer-provisioner-shell plugin: Serving a plugin connection...
2023/05/21 13:45:40 [TRACE] Starting internal plugin packer-post-processor-vagrant
2023/05/21 13:45:40 Starting plugin: /usr/bin/packer []string{"/usr/bin/packer", "plugin", "packer-post-processor-vagrant"}
2023/05/21 13:45:40 Waiting for RPC address for: /usr/bin/packer
2023/05/21 13:45:40 packer-post-processor-vagrant plugin: [INFO] Packer version: 1.8.6 [go1.20.1 linux amd64]
2023/05/21 13:45:40 packer-post-processor-vagrant plugin: [INFO] PACKER_CONFIG env var set; attempting to open config file: /home/folaht/.config/packer/packerconfig
2023/05/21 13:45:40 packer-post-processor-vagrant plugin: [INFO] Setting cache directory: /home/folaht/.cache/packer
2023/05/21 13:45:40 packer-post-processor-vagrant plugin: args: []string{"packer-post-processor-vagrant"}
2023/05/21 13:45:40 Received unix RPC address for /usr/bin/packer: addr is /tmp/packer-plugin1734726361
2023/05/21 13:45:40 packer-post-processor-vagrant plugin: Plugin address: unix /tmp/packer-plugin1734726361
2023/05/21 13:45:40 packer-post-processor-vagrant plugin: Waiting for connection...
2023/05/21 13:45:40 packer-post-processor-vagrant plugin: Serving a plugin connection...
2023/05/21 13:45:40 ui: [1;32mbastille-installer.qemu.artix: output will be in this color.[0m
2023/05/21 13:45:40 ui: 
2023/05/21 13:45:40 Build debug mode: false
2023/05/21 13:45:40 Force build: false
2023/05/21 13:45:40 On error: 
2023/05/21 13:45:40 Waiting on builds to complete...
2023/05/21 13:45:40 Starting build run: bastille-installer.qemu.artix
2023/05/21 13:45:40 Running builder: 
2023/05/21 13:45:40 [INFO] (telemetry) Starting builder qemu.artix
2023/05/21 13:45:40 packer-plugin-qemu_v1.0.9_x5.0_linux_amd64 plugin: 2023/05/21 13:45:40 Qemu path: /usr/bin/qemu-system-x86_64, Qemu Image path: /usr/bin/qemu-img
2023/05/21 13:45:40 ui: [1;32m==> bastille-installer.qemu.artix: Retrieving ISO[0m
2023/05/21 13:45:40 ui: [1;32m==> bastille-installer.qemu.artix: Trying https://download.artixlinux.org/weekly-iso/artix-base-dinit-20230515-x86_64.iso[0m
2023/05/21 13:45:40 packer-plugin-qemu_v1.0.9_x5.0_linux_amd64 plugin: 2023/05/21 13:45:40 Acquiring lock for: https://download.artixlinux.org/weekly-iso/artix-base-dinit-20230515-x86_64.iso?checksum=sha256%3A6149827261314113e034e808e25fca1af87dfc32f7d2be4245c957032bb43aec (/home/folaht/.cache/packer/8b7eb74717895d67423016e760e68842a6d6cb89.iso.lock)
2023/05/21 13:45:40 ui: [1;32m==> bastille-installer.qemu.artix: Trying https://download.artixlinux.org/weekly-iso/artix-base-dinit-20230515-x86_64.iso?checksum=sha256%3A6149827261314113e034e808e25fca1af87dfc32f7d2be4245c957032bb43aec[0m
2023/05/21 13:45:47 ui: [1;32m==> bastille-installer.qemu.artix: https://download.artixlinux.org/weekly-iso/artix-base-dinit-20230515-x86_64.iso?checksum=sha256%3A6149827261314113e034e808e25fca1af87dfc32f7d2be4245c957032bb43aec => /home/folaht/.cache/packer/8b7eb74717895d67423016e760e68842a6d6cb89.iso[0m
2023/05/21 13:45:47 packer-plugin-qemu_v1.0.9_x5.0_linux_amd64 plugin: 2023/05/21 13:45:47 Leaving retrieve loop for ISO
2023/05/21 13:45:47 packer-plugin-qemu_v1.0.9_x5.0_linux_amd64 plugin: 2023/05/21 13:45:47 No floppy files specified. Floppy disk will not be made.
2023/05/21 13:45:47 packer-plugin-qemu_v1.0.9_x5.0_linux_amd64 plugin: 2023/05/21 13:45:47 No CD files specified. CD disk will not be made.
2023/05/21 13:45:47 packer-plugin-qemu_v1.0.9_x5.0_linux_amd64 plugin: 2023/05/21 13:45:47 [INFO] Creating disk with Path: output-artix/bastille-installer.qcow2 and Size: 4G
2023/05/21 13:45:47 packer-plugin-qemu_v1.0.9_x5.0_linux_amd64 plugin: 2023/05/21 13:45:47 Executing qemu-img: []string{"create", "-f", "qcow2", "output-artix/bastille-installer.qcow2", "4G"}
2023/05/21 13:45:47 packer-plugin-qemu_v1.0.9_x5.0_linux_amd64 plugin: 2023/05/21 13:45:47 stdout: Formatting 'output-artix/bastille-installer.qcow2', fmt=qcow2 cluster_size=65536 extended_l2=off compression_type=zlib size=4294967296 lazy_refcounts=off refcount_bits=16
2023/05/21 13:45:47 packer-plugin-qemu_v1.0.9_x5.0_linux_amd64 plugin: 2023/05/21 13:45:47 stderr:
2023/05/21 13:45:47 packer-plugin-qemu_v1.0.9_x5.0_linux_amd64 plugin: 2023/05/21 13:45:47 Found available port: 8369 on IP: 0.0.0.0
2023/05/21 13:45:47 ui: [1;32m==> bastille-installer.qemu.artix: Starting HTTP server on port 8369[0m
2023/05/21 13:45:47 packer-plugin-qemu_v1.0.9_x5.0_linux_amd64 plugin: 2023/05/21 13:45:47 Looking for available communicator (SSH, WinRM, etc) port between 2222 and 4444
2023/05/21 13:45:47 ui: [1;32m==> bastille-installer.qemu.artix: Found port for communicator (SSH, WinRM, etc): 3070.[0m
2023/05/21 13:45:47 packer-plugin-qemu_v1.0.9_x5.0_linux_amd64 plugin: 2023/05/21 13:45:47 Found available port: 3070 on IP: 127.0.0.1
2023/05/21 13:45:47 ui: [1;32m==> bastille-installer.qemu.artix: Looking for available port between 5900 and 6000 on 127.0.0.1[0m
2023/05/21 13:45:47 packer-plugin-qemu_v1.0.9_x5.0_linux_amd64 plugin: 2023/05/21 13:45:47 Looking for available port between 5900 and 6000 on 127.0.0.1
2023/05/21 13:45:47 packer-plugin-qemu_v1.0.9_x5.0_linux_amd64 plugin: 2023/05/21 13:45:47 Found available port: 5989 on IP: 127.0.0.1
2023/05/21 13:45:47 packer-plugin-qemu_v1.0.9_x5.0_linux_amd64 plugin: 2023/05/21 13:45:47 Found available VNC port: 5989 on IP: 127.0.0.1
2023/05/21 13:45:47 ui: [1;32m==> bastille-installer.qemu.artix: Starting VM, booting from CD-ROM[0m
2023/05/21 13:45:47 packer-plugin-qemu_v1.0.9_x5.0_linux_amd64 plugin: 2023/05/21 13:45:47 Qemu --version output: QEMU emulator version 8.0.0
2023/05/21 13:45:47 packer-plugin-qemu_v1.0.9_x5.0_linux_amd64 plugin: Copyright (c) 2003-2022 Fabrice Bellard and the QEMU Project developers
2023/05/21 13:45:47 packer-plugin-qemu_v1.0.9_x5.0_linux_amd64 plugin: 2023/05/21 13:45:47 Qemu version: 8.0.0
2023/05/21 13:45:47 packer-plugin-qemu_v1.0.9_x5.0_linux_amd64 plugin: 2023/05/21 13:45:47 Qemu Builder has no floppy files, not attaching a floppy.
2023/05/21 13:45:47 packer-plugin-qemu_v1.0.9_x5.0_linux_amd64 plugin: 2023/05/21 13:45:47 Executing /usr/bin/qemu-system-x86_64: []string{"-netdev", "user,id=user.0,hostfwd=tcp::3070-:22", "-m", "4096M", "-drive", "file=output-artix/bastille-installer.qcow2,if=virtio,cache=writeback,discard=ignore,format=qcow2", "-drive", "file=/home/folaht/.cache/packer/8b7eb74717895d67423016e760e68842a6d6cb89.iso,media=cdrom", "-drive", "file=/usr/share/edk2-ovmf/x64/OVMF_CODE.fd,if=pflash,unit=0,format=raw,readonly=on", "-drive", "file=output-artix/efivars.fd,if=pflash,unit=1,format=raw", "-machine", "type=q35,accel=kvm", "-display", "gtk", "-device", "virtio-net,netdev=user.0", "-smp", "1", "-name", "bastille-installer.qcow2", "-vnc", "127.0.0.1:89"}
2023/05/21 13:45:47 packer-plugin-qemu_v1.0.9_x5.0_linux_amd64 plugin: 2023/05/21 13:45:47 Started Qemu. Pid: 750655
2023/05/21 13:45:49 ui: [1;32m==> bastille-installer.qemu.artix: Waiting 25s for boot...[0m
2023/05/21 13:46:14 ui: [1;32m==> bastille-installer.qemu.artix: Connecting to VM via VNC (127.0.0.1:5989)[0m
2023/05/21 13:46:14 ui: [1;32m==> bastille-installer.qemu.artix: Typing the boot commands over VNC...[0m
2023/05/21 13:46:14 packer-plugin-qemu_v1.0.9_x5.0_linux_amd64 plugin: 2023/05/21 13:46:14 Connected to VNC desktop: QEMU (bastille-installer.qcow2)
2023/05/21 13:46:14 packer-plugin-qemu_v1.0.9_x5.0_linux_amd64 plugin: 2023/05/21 13:46:14 Special code '<down>' found, replacing with: 0xFF54
2023/05/21 13:46:14 packer-plugin-qemu_v1.0.9_x5.0_linux_amd64 plugin: 2023/05/21 13:46:14 Special code '<down>' found, replacing with: 0xFF54
2023/05/21 13:46:15 packer-plugin-qemu_v1.0.9_x5.0_linux_amd64 plugin: 2023/05/21 13:46:15 Special code '<enter>' found, replacing with: 0xFF0D
2023/05/21 13:46:15 packer-plugin-qemu_v1.0.9_x5.0_linux_amd64 plugin: 2023/05/21 13:46:15 [INFO] Waiting 15s
2023/05/21 13:46:30 packer-plugin-qemu_v1.0.9_x5.0_linux_amd64 plugin: 2023/05/21 13:46:30 Sending char 'r', code 0x72, shift false
2023/05/21 13:46:30 packer-plugin-qemu_v1.0.9_x5.0_linux_amd64 plugin: 2023/05/21 13:46:30 Sending char 'o', code 0x6F, shift false
2023/05/21 13:46:30 packer-plugin-qemu_v1.0.9_x5.0_linux_amd64 plugin: 2023/05/21 13:46:30 Sending char 'o', code 0x6F, shift false
2023/05/21 13:46:30 packer-plugin-qemu_v1.0.9_x5.0_linux_amd64 plugin: 2023/05/21 13:46:30 Sending char 't', code 0x74, shift false
2023/05/21 13:46:31 packer-plugin-qemu_v1.0.9_x5.0_linux_amd64 plugin: 2023/05/21 13:46:31 Special code '<enter>' found, replacing with: 0xFF0D
2023/05/21 13:46:31 packer-plugin-qemu_v1.0.9_x5.0_linux_amd64 plugin: 2023/05/21 13:46:31 [INFO] Waiting 10s
2023/05/21 13:46:41 packer-plugin-qemu_v1.0.9_x5.0_linux_amd64 plugin: 2023/05/21 13:46:41 Sending char 'a', code 0x61, shift false
2023/05/21 13:46:41 packer-plugin-qemu_v1.0.9_x5.0_linux_amd64 plugin: 2023/05/21 13:46:41 Sending char 'r', code 0x72, shift false
2023/05/21 13:46:41 packer-plugin-qemu_v1.0.9_x5.0_linux_amd64 plugin: 2023/05/21 13:46:41 Sending char 't', code 0x74, shift false
2023/05/21 13:46:41 packer-plugin-qemu_v1.0.9_x5.0_linux_amd64 plugin: 2023/05/21 13:46:41 Sending char 'i', code 0x69, shift false
2023/05/21 13:46:42 packer-plugin-qemu_v1.0.9_x5.0_linux_amd64 plugin: 2023/05/21 13:46:42 Sending char 'x', code 0x78, shift false
2023/05/21 13:46:42 packer-plugin-qemu_v1.0.9_x5.0_linux_amd64 plugin: 2023/05/21 13:46:42 Special code '<enter>' found, replacing with: 0xFF0D
2023/05/21 13:46:42 packer-plugin-qemu_v1.0.9_x5.0_linux_amd64 plugin: 2023/05/21 13:46:42 [INFO] Waiting 3s
2023/05/21 13:46:45 packer-plugin-qemu_v1.0.9_x5.0_linux_amd64 plugin: 2023/05/21 13:46:45 Sending char 'c', code 0x63, shift false
2023/05/21 13:46:45 packer-plugin-qemu_v1.0.9_x5.0_linux_amd64 plugin: 2023/05/21 13:46:45 Sending char 'u', code 0x75, shift false
2023/05/21 13:46:45 packer-plugin-qemu_v1.0.9_x5.0_linux_amd64 plugin: 2023/05/21 13:46:45 Sending char 'r', code 0x72, shift false
2023/05/21 13:46:46 packer-plugin-qemu_v1.0.9_x5.0_linux_amd64 plugin: 2023/05/21 13:46:46 Sending char 'l', code 0x6C, shift false
2023/05/21 13:46:46 packer-plugin-qemu_v1.0.9_x5.0_linux_amd64 plugin: 2023/05/21 13:46:46 Sending char ' ', code 0x20, shift false
2023/05/21 13:46:46 packer-plugin-qemu_v1.0.9_x5.0_linux_amd64 plugin: 2023/05/21 13:46:46 Sending char '-', code 0x2D, shift false
2023/05/21 13:46:46 packer-plugin-qemu_v1.0.9_x5.0_linux_amd64 plugin: 2023/05/21 13:46:46 Sending char 'O', code 0x4F, shift true
2023/05/21 13:46:47 packer-plugin-qemu_v1.0.9_x5.0_linux_amd64 plugin: 2023/05/21 13:46:47 Sending char 's', code 0x73, shift false
2023/05/21 13:46:47 packer-plugin-qemu_v1.0.9_x5.0_linux_amd64 plugin: 2023/05/21 13:46:47 Sending char ' ', code 0x20, shift false
2023/05/21 13:46:47 packer-plugin-qemu_v1.0.9_x5.0_linux_amd64 plugin: 2023/05/21 13:46:47 Sending char 'h', code 0x68, shift false
2023/05/21 13:46:47 packer-plugin-qemu_v1.0.9_x5.0_linux_amd64 plugin: 2023/05/21 13:46:47 Sending char 't', code 0x74, shift false
2023/05/21 13:46:47 packer-plugin-qemu_v1.0.9_x5.0_linux_amd64 plugin: 2023/05/21 13:46:47 Sending char 't', code 0x74, shift false
2023/05/21 13:46:48 packer-plugin-qemu_v1.0.9_x5.0_linux_amd64 plugin: 2023/05/21 13:46:48 Sending char 'p', code 0x70, shift false
2023/05/21 13:46:48 packer-plugin-qemu_v1.0.9_x5.0_linux_amd64 plugin: 2023/05/21 13:46:48 Sending char ':', code 0x3A, shift true
2023/05/21 13:46:48 packer-plugin-qemu_v1.0.9_x5.0_linux_amd64 plugin: 2023/05/21 13:46:48 Sending char '/', code 0x2F, shift false
2023/05/21 13:46:48 packer-plugin-qemu_v1.0.9_x5.0_linux_amd64 plugin: 2023/05/21 13:46:48 Sending char '/', code 0x2F, shift false
2023/05/21 13:46:49 packer-plugin-qemu_v1.0.9_x5.0_linux_amd64 plugin: 2023/05/21 13:46:49 Sending char '1', code 0x31, shift false
2023/05/21 13:46:49 packer-plugin-qemu_v1.0.9_x5.0_linux_amd64 plugin: 2023/05/21 13:46:49 Sending char '0', code 0x30, shift false
2023/05/21 13:46:49 packer-plugin-qemu_v1.0.9_x5.0_linux_amd64 plugin: 2023/05/21 13:46:49 Sending char '.', code 0x2E, shift false
2023/05/21 13:46:49 packer-plugin-qemu_v1.0.9_x5.0_linux_amd64 plugin: 2023/05/21 13:46:49 Sending char '0', code 0x30, shift false
2023/05/21 13:46:49 packer-plugin-qemu_v1.0.9_x5.0_linux_amd64 plugin: 2023/05/21 13:46:49 Sending char '.', code 0x2E, shift false
2023/05/21 13:46:50 packer-plugin-qemu_v1.0.9_x5.0_linux_amd64 plugin: 2023/05/21 13:46:50 Sending char '2', code 0x32, shift false
2023/05/21 13:46:50 packer-plugin-qemu_v1.0.9_x5.0_linux_amd64 plugin: 2023/05/21 13:46:50 Sending char '.', code 0x2E, shift false
2023/05/21 13:46:50 packer-plugin-qemu_v1.0.9_x5.0_linux_amd64 plugin: 2023/05/21 13:46:50 Sending char '2', code 0x32, shift false
2023/05/21 13:46:50 packer-plugin-qemu_v1.0.9_x5.0_linux_amd64 plugin: 2023/05/21 13:46:50 Sending char ':', code 0x3A, shift true
2023/05/21 13:46:51 packer-plugin-qemu_v1.0.9_x5.0_linux_amd64 plugin: 2023/05/21 13:46:51 Sending char '8', code 0x38, shift false
2023/05/21 13:46:51 packer-plugin-qemu_v1.0.9_x5.0_linux_amd64 plugin: 2023/05/21 13:46:51 Sending char '3', code 0x33, shift false
2023/05/21 13:46:51 packer-plugin-qemu_v1.0.9_x5.0_linux_amd64 plugin: 2023/05/21 13:46:51 Sending char '6', code 0x36, shift false
2023/05/21 13:46:51 packer-plugin-qemu_v1.0.9_x5.0_linux_amd64 plugin: 2023/05/21 13:46:51 Sending char '9', code 0x39, shift false
2023/05/21 13:46:51 packer-plugin-qemu_v1.0.9_x5.0_linux_amd64 plugin: 2023/05/21 13:46:51 Sending char '/', code 0x2F, shift false
2023/05/21 13:46:52 packer-plugin-qemu_v1.0.9_x5.0_linux_amd64 plugin: 2023/05/21 13:46:52 Sending char 'i', code 0x69, shift false
2023/05/21 13:46:52 packer-plugin-qemu_v1.0.9_x5.0_linux_amd64 plugin: 2023/05/21 13:46:52 Sending char 'n', code 0x6E, shift false
2023/05/21 13:46:52 packer-plugin-qemu_v1.0.9_x5.0_linux_amd64 plugin: 2023/05/21 13:46:52 Sending char 'i', code 0x69, shift false
2023/05/21 13:46:52 packer-plugin-qemu_v1.0.9_x5.0_linux_amd64 plugin: 2023/05/21 13:46:52 Sending char 't', code 0x74, shift false
2023/05/21 13:46:52 packer-plugin-qemu_v1.0.9_x5.0_linux_amd64 plugin: 2023/05/21 13:46:52 Sending char 'L', code 0x4C, shift true
2023/05/21 13:46:53 packer-plugin-qemu_v1.0.9_x5.0_linux_amd64 plugin: 2023/05/21 13:46:53 Sending char 'i', code 0x69, shift false
2023/05/21 13:46:53 packer-plugin-qemu_v1.0.9_x5.0_linux_amd64 plugin: 2023/05/21 13:46:53 Sending char 'v', code 0x76, shift false
2023/05/21 13:46:53 packer-plugin-qemu_v1.0.9_x5.0_linux_amd64 plugin: 2023/05/21 13:46:53 Sending char 'e', code 0x65, shift false
2023/05/21 13:46:53 packer-plugin-qemu_v1.0.9_x5.0_linux_amd64 plugin: 2023/05/21 13:46:53 Sending char 'V', code 0x56, shift true
2023/05/21 13:46:54 packer-plugin-qemu_v1.0.9_x5.0_linux_amd64 plugin: 2023/05/21 13:46:54 Sending char 'M', code 0x4D, shift true
2023/05/21 13:46:54 packer-plugin-qemu_v1.0.9_x5.0_linux_amd64 plugin: 2023/05/21 13:46:54 Sending char '.', code 0x2E, shift false
2023/05/21 13:46:54 packer-plugin-qemu_v1.0.9_x5.0_linux_amd64 plugin: 2023/05/21 13:46:54 Sending char 's', code 0x73, shift false
2023/05/21 13:46:55 packer-plugin-qemu_v1.0.9_x5.0_linux_amd64 plugin: 2023/05/21 13:46:55 Sending char 'h', code 0x68, shift false
2023/05/21 13:46:55 packer-plugin-qemu_v1.0.9_x5.0_linux_amd64 plugin: 2023/05/21 13:46:55 Sending char ' ', code 0x20, shift false
2023/05/21 13:46:55 packer-plugin-qemu_v1.0.9_x5.0_linux_amd64 plugin: 2023/05/21 13:46:55 Sending char '&', code 0x26, shift true
2023/05/21 13:46:55 packer-plugin-qemu_v1.0.9_x5.0_linux_amd64 plugin: 2023/05/21 13:46:55 Sending char '&', code 0x26, shift true
2023/05/21 13:46:56 packer-plugin-qemu_v1.0.9_x5.0_linux_amd64 plugin: 2023/05/21 13:46:56 Sending char ' ', code 0x20, shift false
2023/05/21 13:46:56 packer-plugin-qemu_v1.0.9_x5.0_linux_amd64 plugin: 2023/05/21 13:46:56 Sending char 'c', code 0x63, shift false
2023/05/21 13:46:56 packer-plugin-qemu_v1.0.9_x5.0_linux_amd64 plugin: 2023/05/21 13:46:56 Sending char 'h', code 0x68, shift false
2023/05/21 13:46:56 packer-plugin-qemu_v1.0.9_x5.0_linux_amd64 plugin: 2023/05/21 13:46:56 Sending char 'm', code 0x6D, shift false
2023/05/21 13:46:57 packer-plugin-qemu_v1.0.9_x5.0_linux_amd64 plugin: 2023/05/21 13:46:57 Sending char 'o', code 0x6F, shift false
2023/05/21 13:46:57 packer-plugin-qemu_v1.0.9_x5.0_linux_amd64 plugin: 2023/05/21 13:46:57 Sending char 'd', code 0x64, shift false
2023/05/21 13:46:57 packer-plugin-qemu_v1.0.9_x5.0_linux_amd64 plugin: 2023/05/21 13:46:57 Sending char ' ', code 0x20, shift false
2023/05/21 13:46:57 packer-plugin-qemu_v1.0.9_x5.0_linux_amd64 plugin: 2023/05/21 13:46:57 Sending char '+', code 0x2B, shift true
2023/05/21 13:46:58 packer-plugin-qemu_v1.0.9_x5.0_linux_amd64 plugin: 2023/05/21 13:46:58 Sending char 'x', code 0x78, shift false
2023/05/21 13:46:58 packer-plugin-qemu_v1.0.9_x5.0_linux_amd64 plugin: 2023/05/21 13:46:58 Sending char ' ', code 0x20, shift false
2023/05/21 13:46:58 packer-plugin-qemu_v1.0.9_x5.0_linux_amd64 plugin: 2023/05/21 13:46:58 Sending char '.', code 0x2E, shift false
2023/05/21 13:46:58 packer-plugin-qemu_v1.0.9_x5.0_linux_amd64 plugin: 2023/05/21 13:46:58 Sending char '/', code 0x2F, shift false
2023/05/21 13:46:59 packer-plugin-qemu_v1.0.9_x5.0_linux_amd64 plugin: 2023/05/21 13:46:59 Sending char 'i', code 0x69, shift false
2023/05/21 13:46:59 packer-plugin-qemu_v1.0.9_x5.0_linux_amd64 plugin: 2023/05/21 13:46:59 Sending char 'n', code 0x6E, shift false
2023/05/21 13:46:59 packer-plugin-qemu_v1.0.9_x5.0_linux_amd64 plugin: 2023/05/21 13:46:59 Sending char 'i', code 0x69, shift false
2023/05/21 13:46:59 packer-plugin-qemu_v1.0.9_x5.0_linux_amd64 plugin: 2023/05/21 13:46:59 Sending char 't', code 0x74, shift false
2023/05/21 13:46:59 packer-plugin-qemu_v1.0.9_x5.0_linux_amd64 plugin: 2023/05/21 13:46:59 Sending char 'L', code 0x4C, shift true
2023/05/21 13:47:00 packer-plugin-qemu_v1.0.9_x5.0_linux_amd64 plugin: 2023/05/21 13:47:00 Sending char 'i', code 0x69, shift false
2023/05/21 13:47:00 packer-plugin-qemu_v1.0.9_x5.0_linux_amd64 plugin: 2023/05/21 13:47:00 Sending char 'v', code 0x76, shift false
2023/05/21 13:47:00 packer-plugin-qemu_v1.0.9_x5.0_linux_amd64 plugin: 2023/05/21 13:47:00 Sending char 'e', code 0x65, shift false
2023/05/21 13:47:00 packer-plugin-qemu_v1.0.9_x5.0_linux_amd64 plugin: 2023/05/21 13:47:00 Sending char 'V', code 0x56, shift true
2023/05/21 13:47:01 packer-plugin-qemu_v1.0.9_x5.0_linux_amd64 plugin: 2023/05/21 13:47:01 Sending char 'M', code 0x4D, shift true
2023/05/21 13:47:01 packer-plugin-qemu_v1.0.9_x5.0_linux_amd64 plugin: 2023/05/21 13:47:01 Sending char '.', code 0x2E, shift false
2023/05/21 13:47:01 packer-plugin-qemu_v1.0.9_x5.0_linux_amd64 plugin: 2023/05/21 13:47:01 Sending char 's', code 0x73, shift false
2023/05/21 13:47:02 packer-plugin-qemu_v1.0.9_x5.0_linux_amd64 plugin: 2023/05/21 13:47:02 Sending char 'h', code 0x68, shift false
2023/05/21 13:47:02 packer-plugin-qemu_v1.0.9_x5.0_linux_amd64 plugin: 2023/05/21 13:47:02 Sending char ' ', code 0x20, shift false
2023/05/21 13:47:02 packer-plugin-qemu_v1.0.9_x5.0_linux_amd64 plugin: 2023/05/21 13:47:02 Sending char '&', code 0x26, shift true
2023/05/21 13:47:02 packer-plugin-qemu_v1.0.9_x5.0_linux_amd64 plugin: 2023/05/21 13:47:02 Sending char '&', code 0x26, shift true
2023/05/21 13:47:03 packer-plugin-qemu_v1.0.9_x5.0_linux_amd64 plugin: 2023/05/21 13:47:03 Sending char ' ', code 0x20, shift false
2023/05/21 13:47:03 packer-plugin-qemu_v1.0.9_x5.0_linux_amd64 plugin: 2023/05/21 13:47:03 Sending char '.', code 0x2E, shift false
2023/05/21 13:47:03 packer-plugin-qemu_v1.0.9_x5.0_linux_amd64 plugin: 2023/05/21 13:47:03 Sending char '/', code 0x2F, shift false
2023/05/21 13:47:03 packer-plugin-qemu_v1.0.9_x5.0_linux_amd64 plugin: 2023/05/21 13:47:03 Sending char 'i', code 0x69, shift false
2023/05/21 13:47:04 packer-plugin-qemu_v1.0.9_x5.0_linux_amd64 plugin: 2023/05/21 13:47:04 Sending char 'n', code 0x6E, shift false
2023/05/21 13:47:04 packer-plugin-qemu_v1.0.9_x5.0_linux_amd64 plugin: 2023/05/21 13:47:04 Sending char 'i', code 0x69, shift false
2023/05/21 13:47:04 packer-plugin-qemu_v1.0.9_x5.0_linux_amd64 plugin: 2023/05/21 13:47:04 Sending char 't', code 0x74, shift false
2023/05/21 13:47:04 packer-plugin-qemu_v1.0.9_x5.0_linux_amd64 plugin: 2023/05/21 13:47:04 Sending char 'L', code 0x4C, shift true
2023/05/21 13:47:05 packer-plugin-qemu_v1.0.9_x5.0_linux_amd64 plugin: 2023/05/21 13:47:05 Sending char 'i', code 0x69, shift false
2023/05/21 13:47:05 packer-plugin-qemu_v1.0.9_x5.0_linux_amd64 plugin: 2023/05/21 13:47:05 Sending char 'v', code 0x76, shift false
2023/05/21 13:47:05 packer-plugin-qemu_v1.0.9_x5.0_linux_amd64 plugin: 2023/05/21 13:47:05 Sending char 'e', code 0x65, shift false
2023/05/21 13:47:05 packer-plugin-qemu_v1.0.9_x5.0_linux_amd64 plugin: 2023/05/21 13:47:05 Sending char 'V', code 0x56, shift true
2023/05/21 13:47:06 packer-plugin-qemu_v1.0.9_x5.0_linux_amd64 plugin: 2023/05/21 13:47:06 Sending char 'M', code 0x4D, shift true
2023/05/21 13:47:06 packer-plugin-qemu_v1.0.9_x5.0_linux_amd64 plugin: 2023/05/21 13:47:06 Sending char '.', code 0x2E, shift false
2023/05/21 13:47:06 packer-plugin-qemu_v1.0.9_x5.0_linux_amd64 plugin: 2023/05/21 13:47:06 Sending char 's', code 0x73, shift false
2023/05/21 13:47:06 packer-plugin-qemu_v1.0.9_x5.0_linux_amd64 plugin: 2023/05/21 13:47:06 Sending char 'h', code 0x68, shift false
2023/05/21 13:47:07 packer-plugin-qemu_v1.0.9_x5.0_linux_amd64 plugin: 2023/05/21 13:47:07 Sending char ' ', code 0x20, shift false
2023/05/21 13:47:07 packer-plugin-qemu_v1.0.9_x5.0_linux_amd64 plugin: 2023/05/21 13:47:07 Sending char '8', code 0x38, shift false
2023/05/21 13:47:07 packer-plugin-qemu_v1.0.9_x5.0_linux_amd64 plugin: 2023/05/21 13:47:07 Sending char '3', code 0x33, shift false
2023/05/21 13:47:07 packer-plugin-qemu_v1.0.9_x5.0_linux_amd64 plugin: 2023/05/21 13:47:07 Sending char '6', code 0x36, shift false
2023/05/21 13:47:07 packer-plugin-qemu_v1.0.9_x5.0_linux_amd64 plugin: 2023/05/21 13:47:07 Sending char '9', code 0x39, shift false
2023/05/21 13:47:08 packer-plugin-qemu_v1.0.9_x5.0_linux_amd64 plugin: 2023/05/21 13:47:08 Special code '<enter>' found, replacing with: 0xFF0D
2023/05/21 13:47:08 ui: [0;32m    bastille-installer.qemu.artix: Not using a NetBridge -- skipping StepWaitGuestAddress[0m
2023/05/21 13:47:08 ui: [1;32m==> bastille-installer.qemu.artix: Using SSH communicator to connect: 127.0.0.1[0m
2023/05/21 13:47:08 packer-plugin-qemu_v1.0.9_x5.0_linux_amd64 plugin: 2023/05/21 13:47:08 [INFO] Waiting for SSH, up to timeout: 20m0s
2023/05/21 13:47:08 ui: [1;32m==> bastille-installer.qemu.artix: Waiting for SSH to become available...[0m
2023/05/21 13:47:08 packer-plugin-qemu_v1.0.9_x5.0_linux_amd64 plugin: 2023/05/21 13:47:08 [INFO] Attempting SSH connection to 127.0.0.1:3070...
2023/05/21 13:47:08 packer-plugin-qemu_v1.0.9_x5.0_linux_amd64 plugin: 2023/05/21 13:47:08 [DEBUG] reconnecting to TCP connection for SSH
2023/05/21 13:47:08 packer-plugin-qemu_v1.0.9_x5.0_linux_amd64 plugin: 2023/05/21 13:47:08 [DEBUG] handshaking with SSH
2023/05/21 13:47:08 packer-plugin-qemu_v1.0.9_x5.0_linux_amd64 plugin: 2023/05/21 13:47:08 [DEBUG] SSH handshake err: ssh: handshake failed: read tcp 127.0.0.1:53894->127.0.0.1:3070: read: connection reset by peer
2023/05/21 13:47:15 packer-plugin-qemu_v1.0.9_x5.0_linux_amd64 plugin: 2023/05/21 13:47:15 [INFO] Attempting SSH connection to 127.0.0.1:3070...
2023/05/21 13:47:15 packer-plugin-qemu_v1.0.9_x5.0_linux_amd64 plugin: 2023/05/21 13:47:15 [DEBUG] reconnecting to TCP connection for SSH
2023/05/21 13:47:15 packer-plugin-qemu_v1.0.9_x5.0_linux_amd64 plugin: 2023/05/21 13:47:15 [DEBUG] handshaking with SSH
2023/05/21 13:47:15 packer-plugin-qemu_v1.0.9_x5.0_linux_amd64 plugin: 2023/05/21 13:47:15 [DEBUG] handshake complete!
2023/05/21 13:47:15 packer-plugin-qemu_v1.0.9_x5.0_linux_amd64 plugin: 2023/05/21 13:47:15 [DEBUG] Opening new ssh session
2023/05/21 13:47:15 packer-plugin-qemu_v1.0.9_x5.0_linux_amd64 plugin: 2023/05/21 13:47:15 [INFO] agent forwarding enabled
2023/05/21 13:47:15 ui: [1;32m==> bastille-installer.qemu.artix: Connected to SSH![0m
2023/05/21 13:47:15 packer-plugin-qemu_v1.0.9_x5.0_linux_amd64 plugin: 2023/05/21 13:47:15 Running the provision hook
2023/05/21 13:47:15 [INFO] (telemetry) Starting provisioner file
2023/05/21 13:47:15 ui: [1;32m==> bastille-installer.qemu.artix: Uploading ./files => /tmp/[0m
2023/05/21 13:47:15 packer-plugin-qemu_v1.0.9_x5.0_linux_amd64 plugin: 2023/05/21 13:47:15 [DEBUG] Upload dir './files' to '/tmp/'
2023/05/21 13:47:15 packer-plugin-qemu_v1.0.9_x5.0_linux_amd64 plugin: 2023/05/21 13:47:15 [DEBUG] Opening new ssh session
2023/05/21 13:47:15 packer-plugin-qemu_v1.0.9_x5.0_linux_amd64 plugin: 2023/05/21 13:47:15 [DEBUG] Starting remote scp process:  scp -rvt /tmp/
2023/05/21 13:47:15 packer-plugin-qemu_v1.0.9_x5.0_linux_amd64 plugin: 2023/05/21 13:47:15 [DEBUG] Started SCP session, beginning transfers...
2023/05/21 13:47:15 packer-plugin-qemu_v1.0.9_x5.0_linux_amd64 plugin: 2023/05/21 13:47:15 [DEBUG] No trailing slash, creating the source directory name
2023/05/21 13:47:15 packer-plugin-qemu_v1.0.9_x5.0_linux_amd64 plugin: 2023/05/21 13:47:15 [DEBUG] SCP: starting directory upload: files
2023/05/21 13:47:15 packer-plugin-qemu_v1.0.9_x5.0_linux_amd64 plugin: 2023/05/21 13:47:15 [DEBUG] scp: Uploading yr-af.map: perms=C0644 size=3717
2023/05/21 13:47:15 packer-plugin-qemu_v1.0.9_x5.0_linux_amd64 plugin: 2023/05/21 13:47:15 [DEBUG] scp: Uploading packer-archlinux.py: perms=C0644 size=6777
2023/05/21 13:47:15 packer-plugin-qemu_v1.0.9_x5.0_linux_amd64 plugin: 2023/05/21 13:47:15 [DEBUG] scp: Uploading user_credentials.json: perms=C0644 size=47
2023/05/21 13:47:15 packer-plugin-qemu_v1.0.9_x5.0_linux_amd64 plugin: 2023/05/21 13:47:15 [DEBUG] scp: Uploading user_disk_layout.json: perms=C0644 size=805
2023/05/21 13:47:15 packer-plugin-qemu_v1.0.9_x5.0_linux_amd64 plugin: 2023/05/21 13:47:15 [DEBUG] scp: Uploading user_configuration.json: perms=C0644 size=542
2023/05/21 13:47:15 packer-plugin-qemu_v1.0.9_x5.0_linux_amd64 plugin: 2023/05/21 13:47:15 [DEBUG] SCP session complete, closing stdin pipe.
2023/05/21 13:47:15 packer-plugin-qemu_v1.0.9_x5.0_linux_amd64 plugin: 2023/05/21 13:47:15 [DEBUG] Waiting for SSH session to complete.
2023/05/21 13:47:15 packer-plugin-qemu_v1.0.9_x5.0_linux_amd64 plugin: 2023/05/21 13:47:15 [DEBUG] scp stderr (length 402): Sink: D0755 0 files
2023/05/21 13:47:15 packer-plugin-qemu_v1.0.9_x5.0_linux_amd64 plugin: Sink: C0644 3717 yr-af.map
2023/05/21 13:47:15 packer-plugin-qemu_v1.0.9_x5.0_linux_amd64 plugin: scp: debug1: fd 0 clearing O_NONBLOCK
2023/05/21 13:47:15 packer-plugin-qemu_v1.0.9_x5.0_linux_amd64 plugin: Sink: C0644 6777 packer-archlinux.py
2023/05/21 13:47:15 packer-plugin-qemu_v1.0.9_x5.0_linux_amd64 plugin: scp: debug1: fd 0 clearing O_NONBLOCK
2023/05/21 13:47:15 packer-plugin-qemu_v1.0.9_x5.0_linux_amd64 plugin: Sink: C0644 47 user_credentials.json
2023/05/21 13:47:15 packer-plugin-qemu_v1.0.9_x5.0_linux_amd64 plugin: scp: debug1: fd 0 clearing O_NONBLOCK
2023/05/21 13:47:15 packer-plugin-qemu_v1.0.9_x5.0_linux_amd64 plugin: Sink: C0644 805 user_disk_layout.json
2023/05/21 13:47:15 packer-plugin-qemu_v1.0.9_x5.0_linux_amd64 plugin: scp: debug1: fd 0 clearing O_NONBLOCK
2023/05/21 13:47:15 packer-plugin-qemu_v1.0.9_x5.0_linux_amd64 plugin: Sink: C0644 542 user_configuration.json
2023/05/21 13:47:15 packer-plugin-qemu_v1.0.9_x5.0_linux_amd64 plugin: scp: debug1: fd 0 clearing O_NONBLOCK
2023/05/21 13:47:15 packer-plugin-qemu_v1.0.9_x5.0_linux_amd64 plugin: Sink: E
2023/05/21 13:47:15 [INFO] (telemetry) ending file
2023/05/21 13:47:15 [INFO] (telemetry) Starting provisioner shell
2023/05/21 13:47:15 ui: [1;32m==> bastille-installer.qemu.artix: Pausing 10s before the next provisioner...[0m
2023/05/21 13:47:25 ui: [1;32m==> bastille-installer.qemu.artix: Provisioning with shell script: scripts/liveVM.sh[0m
2023/05/21 13:47:25 packer-provisioner-shell plugin: Opening scripts/liveVM.sh for reading
2023/05/21 13:47:25 packer-provisioner-shell plugin: [INFO] 877 bytes written for 'uploadData'
2023/05/21 13:47:25 [INFO] 877 bytes written for 'uploadData'
2023/05/21 13:47:25 packer-plugin-qemu_v1.0.9_x5.0_linux_amd64 plugin: 2023/05/21 13:47:25 [DEBUG] Opening new ssh session
2023/05/21 13:47:25 packer-plugin-qemu_v1.0.9_x5.0_linux_amd64 plugin: 2023/05/21 13:47:25 [DEBUG] Starting remote scp process:  scp -vt /tmp
2023/05/21 13:47:25 packer-plugin-qemu_v1.0.9_x5.0_linux_amd64 plugin: 2023/05/21 13:47:25 [DEBUG] Started SCP session, beginning transfers...
2023/05/21 13:47:25 packer-plugin-qemu_v1.0.9_x5.0_linux_amd64 plugin: 2023/05/21 13:47:25 [DEBUG] Copying input data into temporary file so we can read the length
2023/05/21 13:47:25 packer-plugin-qemu_v1.0.9_x5.0_linux_amd64 plugin: 2023/05/21 13:47:25 [DEBUG] scp: Uploading script_5233.sh: perms=C0644 size=877
2023/05/21 13:47:25 packer-plugin-qemu_v1.0.9_x5.0_linux_amd64 plugin: 2023/05/21 13:47:25 [DEBUG] SCP session complete, closing stdin pipe.
2023/05/21 13:47:25 packer-plugin-qemu_v1.0.9_x5.0_linux_amd64 plugin: 2023/05/21 13:47:25 [DEBUG] Waiting for SSH session to complete.
2023/05/21 13:47:25 packer-plugin-qemu_v1.0.9_x5.0_linux_amd64 plugin: 2023/05/21 13:47:25 [DEBUG] scp stderr (length 70): Sink: C0644 877 script_5233.sh
2023/05/21 13:47:25 packer-plugin-qemu_v1.0.9_x5.0_linux_amd64 plugin: scp: debug1: fd 0 clearing O_NONBLOCK
2023/05/21 13:47:25 packer-plugin-qemu_v1.0.9_x5.0_linux_amd64 plugin: 2023/05/21 13:47:25 [DEBUG] Opening new ssh session
2023/05/21 13:47:25 packer-plugin-qemu_v1.0.9_x5.0_linux_amd64 plugin: 2023/05/21 13:47:25 [DEBUG] starting remote command: chmod 0755 /tmp/script_5233.sh
2023/05/21 13:47:25 [INFO] RPC client: Communicator ended with: 0
2023/05/21 13:47:25 [INFO] RPC endpoint: Communicator ended with: 0
2023/05/21 13:47:25 packer-plugin-qemu_v1.0.9_x5.0_linux_amd64 plugin: 2023/05/21 13:47:25 [INFO] RPC endpoint: Communicator ended with: 0
2023/05/21 13:47:25 packer-provisioner-shell plugin: [INFO] RPC client: Communicator ended with: 0
2023/05/21 13:47:25 packer-plugin-qemu_v1.0.9_x5.0_linux_amd64 plugin: 2023/05/21 13:47:25 [DEBUG] Opening new ssh session
2023/05/21 13:47:25 packer-plugin-qemu_v1.0.9_x5.0_linux_amd64 plugin: 2023/05/21 13:47:25 [DEBUG] starting remote command: echo 'primany provisioner';PACKER_BUILDER_TYPE='qemu' PACKER_BUILD_NAME='artix' PACKER_HTTP_ADDR='10.0.2.2:8369' PACKER_HTTP_IP='10.0.2.2' PACKER_HTTP_PORT='8369'  sudo -E -S bash '/tmp/script_5233.sh'
2023/05/21 13:47:25 ui: [0;32m    bastille-installer.qemu.artix: primany provisioner[0m
2023/05/21 13:47:25 ui: [0;32m    bastille-installer.qemu.artix: ==> liveVM.sh: Lock root password..[0m
2023/05/21 13:47:25 ui: [0;32m    bastille-installer.qemu.artix: ==> liveVM.sh: Update the system clock..[0m
2023/05/21 13:47:25 ui: [0;32m    bastille-installer.qemu.artix: ==> liveVM.sh: Modifying local settings..[0m
2023/05/21 13:47:25 ui: [0;32m    bastille-installer.qemu.artix: ==> liveVM.sh: Installing packages for commands used in provisioner scripts..[0m
2023/05/21 13:47:29 ui: [0;32m    bastille-installer.qemu.artix: ==> liveVM.sh: Reranking pacman mirrorslist..[0m
2023/05/21 13:48:27 [INFO] 263 bytes written for 'stdout'
2023/05/21 13:48:27 [INFO] 0 bytes written for 'stderr'
2023/05/21 13:48:27 [INFO] RPC client: Communicator ended with: 0
2023/05/21 13:48:27 [INFO] RPC endpoint: Communicator ended with: 0
2023/05/21 13:48:27 packer-plugin-qemu_v1.0.9_x5.0_linux_amd64 plugin: 2023/05/21 13:48:27 [INFO] RPC endpoint: Communicator ended with: 0
2023/05/21 13:48:27 packer-provisioner-shell plugin: [INFO] 263 bytes written for 'stdout'
2023/05/21 13:48:27 packer-provisioner-shell plugin: [INFO] 0 bytes written for 'stderr'
2023/05/21 13:48:27 packer-provisioner-shell plugin: [INFO] RPC client: Communicator ended with: 0
2023/05/21 13:48:27 packer-plugin-qemu_v1.0.9_x5.0_linux_amd64 plugin: 2023/05/21 13:48:27 [DEBUG] Opening new ssh session
2023/05/21 13:48:27 packer-plugin-qemu_v1.0.9_x5.0_linux_amd64 plugin: 2023/05/21 13:48:27 [DEBUG] starting remote command: rm -f /tmp/script_5233.sh
2023/05/21 13:48:27 [INFO] RPC client: Communicator ended with: 0
2023/05/21 13:48:27 [INFO] RPC endpoint: Communicator ended with: 0
2023/05/21 13:48:27 packer-plugin-qemu_v1.0.9_x5.0_linux_amd64 plugin: 2023/05/21 13:48:27 [INFO] RPC endpoint: Communicator ended with: 0
2023/05/21 13:48:27 packer-provisioner-shell plugin: [INFO] RPC client: Communicator ended with: 0
2023/05/21 13:48:27 ui: [1;32m==> bastille-installer.qemu.artix: Provisioning with shell script: scripts/tables.sh[0m
2023/05/21 13:48:27 packer-provisioner-shell plugin: Opening scripts/tables.sh for reading
2023/05/21 13:48:27 packer-provisioner-shell plugin: [INFO] 567 bytes written for 'uploadData'
2023/05/21 13:48:27 [INFO] 567 bytes written for 'uploadData'
2023/05/21 13:48:27 packer-plugin-qemu_v1.0.9_x5.0_linux_amd64 plugin: 2023/05/21 13:48:27 [DEBUG] Opening new ssh session
2023/05/21 13:48:27 packer-plugin-qemu_v1.0.9_x5.0_linux_amd64 plugin: 2023/05/21 13:48:27 [DEBUG] Starting remote scp process:  scp -vt /tmp
2023/05/21 13:48:27 packer-plugin-qemu_v1.0.9_x5.0_linux_amd64 plugin: 2023/05/21 13:48:27 [DEBUG] Started SCP session, beginning transfers...
2023/05/21 13:48:27 packer-plugin-qemu_v1.0.9_x5.0_linux_amd64 plugin: 2023/05/21 13:48:27 [DEBUG] Copying input data into temporary file so we can read the length
2023/05/21 13:48:27 packer-plugin-qemu_v1.0.9_x5.0_linux_amd64 plugin: 2023/05/21 13:48:27 [DEBUG] scp: Uploading script_5233.sh: perms=C0644 size=567
2023/05/21 13:48:27 packer-plugin-qemu_v1.0.9_x5.0_linux_amd64 plugin: 2023/05/21 13:48:27 [DEBUG] SCP session complete, closing stdin pipe.
2023/05/21 13:48:27 packer-plugin-qemu_v1.0.9_x5.0_linux_amd64 plugin: 2023/05/21 13:48:27 [DEBUG] Waiting for SSH session to complete.
2023/05/21 13:48:27 packer-plugin-qemu_v1.0.9_x5.0_linux_amd64 plugin: 2023/05/21 13:48:27 [DEBUG] scp stderr (length 70): Sink: C0644 567 script_5233.sh
2023/05/21 13:48:27 packer-plugin-qemu_v1.0.9_x5.0_linux_amd64 plugin: scp: debug1: fd 0 clearing O_NONBLOCK
2023/05/21 13:48:27 packer-plugin-qemu_v1.0.9_x5.0_linux_amd64 plugin: 2023/05/21 13:48:27 [DEBUG] Opening new ssh session
2023/05/21 13:48:27 packer-plugin-qemu_v1.0.9_x5.0_linux_amd64 plugin: 2023/05/21 13:48:27 [DEBUG] starting remote command: chmod 0755 /tmp/script_5233.sh
2023/05/21 13:48:27 packer-plugin-qemu_v1.0.9_x5.0_linux_amd64 plugin: 2023/05/21 13:48:27 [INFO] RPC endpoint: Communicator ended with: 0
2023/05/21 13:48:27 [INFO] RPC client: Communicator ended with: 0
2023/05/21 13:48:27 [INFO] RPC endpoint: Communicator ended with: 0
2023/05/21 13:48:27 packer-provisioner-shell plugin: [INFO] RPC client: Communicator ended with: 0
2023/05/21 13:48:27 packer-plugin-qemu_v1.0.9_x5.0_linux_amd64 plugin: 2023/05/21 13:48:27 [DEBUG] Opening new ssh session
2023/05/21 13:48:27 packer-plugin-qemu_v1.0.9_x5.0_linux_amd64 plugin: 2023/05/21 13:48:27 [DEBUG] starting remote command: echo 'primany provisioner';PACKER_BUILDER_TYPE='qemu' PACKER_BUILD_NAME='artix' PACKER_HTTP_ADDR='10.0.2.2:8369' PACKER_HTTP_IP='10.0.2.2' PACKER_HTTP_PORT='8369'  sudo -E -S bash '/tmp/script_5233.sh'
2023/05/21 13:48:27 ui: [0;32m    bastille-installer.qemu.artix: primany provisioner[0m
2023/05/21 13:48:27 ui: [0;32m    bastille-installer.qemu.artix: ==> tables.sh: Clearing partition table on /dev/vda..[0m
2023/05/21 13:48:28 ui: [0;32m    bastille-installer.qemu.artix: ==> tables.sh: Destroying magic strings and signatures on /dev/vda..[0m
2023/05/21 13:48:28 ui: [0;32m    bastille-installer.qemu.artix: ==> tables.sh: Formatting disk..[0m
2023/05/21 13:48:29 packer-plugin-qemu_v1.0.9_x5.0_linux_amd64 plugin: 2023/05/21 13:48:29 [INFO] RPC endpoint: Communicator ended with: 0
2023/05/21 13:48:29 [INFO] 176 bytes written for 'stdout'
2023/05/21 13:48:29 [INFO] 0 bytes written for 'stderr'
2023/05/21 13:48:29 [INFO] RPC client: Communicator ended with: 0
2023/05/21 13:48:29 [INFO] RPC endpoint: Communicator ended with: 0
2023/05/21 13:48:29 packer-provisioner-shell plugin: [INFO] 176 bytes written for 'stdout'
2023/05/21 13:48:29 packer-provisioner-shell plugin: [INFO] 0 bytes written for 'stderr'
2023/05/21 13:48:29 packer-provisioner-shell plugin: [INFO] RPC client: Communicator ended with: 0
2023/05/21 13:48:29 packer-plugin-qemu_v1.0.9_x5.0_linux_amd64 plugin: 2023/05/21 13:48:29 [DEBUG] Opening new ssh session
2023/05/21 13:48:29 packer-plugin-qemu_v1.0.9_x5.0_linux_amd64 plugin: 2023/05/21 13:48:29 [DEBUG] starting remote command: rm -f /tmp/script_5233.sh
2023/05/21 13:48:29 packer-plugin-qemu_v1.0.9_x5.0_linux_amd64 plugin: 2023/05/21 13:48:29 [INFO] RPC endpoint: Communicator ended with: 0
2023/05/21 13:48:29 [INFO] RPC client: Communicator ended with: 0
2023/05/21 13:48:29 [INFO] RPC endpoint: Communicator ended with: 0
2023/05/21 13:48:29 packer-provisioner-shell plugin: [INFO] RPC client: Communicator ended with: 0
2023/05/21 13:48:29 ui: [1;32m==> bastille-installer.qemu.artix: Provisioning with shell script: scripts/partitions.sh[0m
2023/05/21 13:48:29 packer-provisioner-shell plugin: Opening scripts/partitions.sh for reading
2023/05/21 13:48:29 packer-provisioner-shell plugin: [INFO] 465 bytes written for 'uploadData'
2023/05/21 13:48:29 [INFO] 465 bytes written for 'uploadData'
2023/05/21 13:48:29 packer-plugin-qemu_v1.0.9_x5.0_linux_amd64 plugin: 2023/05/21 13:48:29 [DEBUG] Opening new ssh session
2023/05/21 13:48:29 packer-plugin-qemu_v1.0.9_x5.0_linux_amd64 plugin: 2023/05/21 13:48:29 [DEBUG] Starting remote scp process:  scp -vt /tmp
2023/05/21 13:48:29 packer-plugin-qemu_v1.0.9_x5.0_linux_amd64 plugin: 2023/05/21 13:48:29 [DEBUG] Started SCP session, beginning transfers...
2023/05/21 13:48:29 packer-plugin-qemu_v1.0.9_x5.0_linux_amd64 plugin: 2023/05/21 13:48:29 [DEBUG] Copying input data into temporary file so we can read the length
2023/05/21 13:48:29 packer-plugin-qemu_v1.0.9_x5.0_linux_amd64 plugin: 2023/05/21 13:48:29 [DEBUG] scp: Uploading script_5233.sh: perms=C0644 size=465
2023/05/21 13:48:29 packer-plugin-qemu_v1.0.9_x5.0_linux_amd64 plugin: 2023/05/21 13:48:29 [DEBUG] SCP session complete, closing stdin pipe.
2023/05/21 13:48:29 packer-plugin-qemu_v1.0.9_x5.0_linux_amd64 plugin: 2023/05/21 13:48:29 [DEBUG] Waiting for SSH session to complete.
2023/05/21 13:48:29 packer-plugin-qemu_v1.0.9_x5.0_linux_amd64 plugin: 2023/05/21 13:48:29 [DEBUG] scp stderr (length 70): Sink: C0644 465 script_5233.sh
2023/05/21 13:48:29 packer-plugin-qemu_v1.0.9_x5.0_linux_amd64 plugin: scp: debug1: fd 0 clearing O_NONBLOCK
2023/05/21 13:48:29 packer-plugin-qemu_v1.0.9_x5.0_linux_amd64 plugin: 2023/05/21 13:48:29 [DEBUG] Opening new ssh session
2023/05/21 13:48:29 packer-plugin-qemu_v1.0.9_x5.0_linux_amd64 plugin: 2023/05/21 13:48:29 [DEBUG] starting remote command: chmod 0755 /tmp/script_5233.sh
2023/05/21 13:48:29 packer-plugin-qemu_v1.0.9_x5.0_linux_amd64 plugin: 2023/05/21 13:48:29 [INFO] RPC endpoint: Communicator ended with: 0
2023/05/21 13:48:29 [INFO] RPC client: Communicator ended with: 0
2023/05/21 13:48:29 [INFO] RPC endpoint: Communicator ended with: 0
2023/05/21 13:48:29 packer-provisioner-shell plugin: [INFO] RPC client: Communicator ended with: 0
2023/05/21 13:48:29 packer-plugin-qemu_v1.0.9_x5.0_linux_amd64 plugin: 2023/05/21 13:48:29 [DEBUG] Opening new ssh session
2023/05/21 13:48:29 packer-plugin-qemu_v1.0.9_x5.0_linux_amd64 plugin: 2023/05/21 13:48:29 [DEBUG] starting remote command: echo 'primany provisioner';PACKER_BUILDER_TYPE='qemu' PACKER_BUILD_NAME='artix' PACKER_HTTP_ADDR='10.0.2.2:8369' PACKER_HTTP_IP='10.0.2.2' PACKER_HTTP_PORT='8369'  sudo -E -S bash '/tmp/script_5233.sh'
2023/05/21 13:48:29 ui: [0;32m    bastille-installer.qemu.artix: primany provisioner[0m
2023/05/21 13:48:29 ui: [0;32m    bastille-installer.qemu.artix: ==> partitions.sh: Writing Filesystem types..[0m
2023/05/21 13:48:30 ui: [0;32m    bastille-installer.qemu.artix: ==> partitions.sh: Mounting partitions..[0m
2023/05/21 13:48:30 packer-plugin-qemu_v1.0.9_x5.0_linux_amd64 plugin: 2023/05/21 13:48:30 [INFO] RPC endpoint: Communicator ended with: 0
2023/05/21 13:48:30 [INFO] 107 bytes written for 'stdout'
2023/05/21 13:48:30 [INFO] 0 bytes written for 'stderr'
2023/05/21 13:48:30 [INFO] RPC client: Communicator ended with: 0
2023/05/21 13:48:30 [INFO] RPC endpoint: Communicator ended with: 0
2023/05/21 13:48:30 packer-provisioner-shell plugin: [INFO] 107 bytes written for 'stdout'
2023/05/21 13:48:30 packer-provisioner-shell plugin: [INFO] 0 bytes written for 'stderr'
2023/05/21 13:48:30 packer-provisioner-shell plugin: [INFO] RPC client: Communicator ended with: 0
2023/05/21 13:48:30 packer-plugin-qemu_v1.0.9_x5.0_linux_amd64 plugin: 2023/05/21 13:48:30 [DEBUG] Opening new ssh session
2023/05/21 13:48:30 packer-plugin-qemu_v1.0.9_x5.0_linux_amd64 plugin: 2023/05/21 13:48:30 [DEBUG] starting remote command: rm -f /tmp/script_5233.sh
2023/05/21 13:48:30 packer-plugin-qemu_v1.0.9_x5.0_linux_amd64 plugin: 2023/05/21 13:48:30 [INFO] RPC endpoint: Communicator ended with: 0
2023/05/21 13:48:30 [INFO] RPC client: Communicator ended with: 0
2023/05/21 13:48:30 [INFO] RPC endpoint: Communicator ended with: 0
2023/05/21 13:48:30 packer-provisioner-shell plugin: [INFO] RPC client: Communicator ended with: 0
2023/05/21 13:48:30 ui: [1;32m==> bastille-installer.qemu.artix: Provisioning with shell script: scripts/base.sh[0m
2023/05/21 13:48:30 packer-provisioner-shell plugin: Opening scripts/base.sh for reading
2023/05/21 13:48:30 packer-provisioner-shell plugin: [INFO] 549 bytes written for 'uploadData'
2023/05/21 13:48:30 [INFO] 549 bytes written for 'uploadData'
2023/05/21 13:48:30 packer-plugin-qemu_v1.0.9_x5.0_linux_amd64 plugin: 2023/05/21 13:48:30 [DEBUG] Opening new ssh session
2023/05/21 13:48:30 packer-plugin-qemu_v1.0.9_x5.0_linux_amd64 plugin: 2023/05/21 13:48:30 [DEBUG] Starting remote scp process:  scp -vt /tmp
2023/05/21 13:48:30 packer-plugin-qemu_v1.0.9_x5.0_linux_amd64 plugin: 2023/05/21 13:48:30 [DEBUG] Started SCP session, beginning transfers...
2023/05/21 13:48:30 packer-plugin-qemu_v1.0.9_x5.0_linux_amd64 plugin: 2023/05/21 13:48:30 [DEBUG] Copying input data into temporary file so we can read the length
2023/05/21 13:48:30 packer-plugin-qemu_v1.0.9_x5.0_linux_amd64 plugin: 2023/05/21 13:48:30 [DEBUG] scp: Uploading script_5233.sh: perms=C0644 size=549
2023/05/21 13:48:30 packer-plugin-qemu_v1.0.9_x5.0_linux_amd64 plugin: 2023/05/21 13:48:30 [DEBUG] SCP session complete, closing stdin pipe.
2023/05/21 13:48:30 packer-plugin-qemu_v1.0.9_x5.0_linux_amd64 plugin: 2023/05/21 13:48:30 [DEBUG] Waiting for SSH session to complete.
2023/05/21 13:48:30 packer-plugin-qemu_v1.0.9_x5.0_linux_amd64 plugin: 2023/05/21 13:48:30 [DEBUG] scp stderr (length 70): Sink: C0644 549 script_5233.sh
2023/05/21 13:48:30 packer-plugin-qemu_v1.0.9_x5.0_linux_amd64 plugin: scp: debug1: fd 0 clearing O_NONBLOCK
2023/05/21 13:48:30 packer-plugin-qemu_v1.0.9_x5.0_linux_amd64 plugin: 2023/05/21 13:48:30 [DEBUG] Opening new ssh session
2023/05/21 13:48:30 packer-plugin-qemu_v1.0.9_x5.0_linux_amd64 plugin: 2023/05/21 13:48:30 [DEBUG] starting remote command: chmod 0755 /tmp/script_5233.sh
2023/05/21 13:48:30 [INFO] RPC client: Communicator ended with: 0
2023/05/21 13:48:30 [INFO] RPC endpoint: Communicator ended with: 0
2023/05/21 13:48:30 packer-plugin-qemu_v1.0.9_x5.0_linux_amd64 plugin: 2023/05/21 13:48:30 [INFO] RPC endpoint: Communicator ended with: 0
2023/05/21 13:48:30 packer-provisioner-shell plugin: [INFO] RPC client: Communicator ended with: 0
2023/05/21 13:48:30 packer-plugin-qemu_v1.0.9_x5.0_linux_amd64 plugin: 2023/05/21 13:48:30 [DEBUG] Opening new ssh session
2023/05/21 13:48:30 packer-plugin-qemu_v1.0.9_x5.0_linux_amd64 plugin: 2023/05/21 13:48:30 [DEBUG] starting remote command: echo 'primany provisioner';PACKER_BUILDER_TYPE='qemu' PACKER_BUILD_NAME='artix' PACKER_HTTP_ADDR='10.0.2.2:8369' PACKER_HTTP_IP='10.0.2.2' PACKER_HTTP_PORT='8369'  sudo -E -S bash '/tmp/script_5233.sh'
2023/05/21 13:48:30 ui: [0;32m    bastille-installer.qemu.artix: primany provisioner[0m
2023/05/21 13:48:30 ui: [0;32m    bastille-installer.qemu.artix: ==> base.sh: Installing base system..[0m
2023/05/21 13:49:37 ui: [0;32m    bastille-installer.qemu.artix: ==> base.sh: Installing kernel..[0m
2023/05/21 13:51:02 ui: [0;32m    bastille-installer.qemu.artix: ==> base.sh: Generating the filesystem table..[0m
2023/05/21 13:51:02 [INFO] 138 bytes written for 'stdout'
2023/05/21 13:51:02 [INFO] 0 bytes written for 'stderr'
2023/05/21 13:51:02 packer-plugin-qemu_v1.0.9_x5.0_linux_amd64 plugin: 2023/05/21 13:51:02 [INFO] RPC endpoint: Communicator ended with: 0
2023/05/21 13:51:02 [INFO] RPC client: Communicator ended with: 0
2023/05/21 13:51:02 [INFO] RPC endpoint: Communicator ended with: 0
2023/05/21 13:51:02 packer-provisioner-shell plugin: [INFO] 138 bytes written for 'stdout'
2023/05/21 13:51:02 packer-provisioner-shell plugin: [INFO] 0 bytes written for 'stderr'
2023/05/21 13:51:02 packer-provisioner-shell plugin: [INFO] RPC client: Communicator ended with: 0
2023/05/21 13:51:02 packer-plugin-qemu_v1.0.9_x5.0_linux_amd64 plugin: 2023/05/21 13:51:02 [DEBUG] Opening new ssh session
2023/05/21 13:51:02 packer-plugin-qemu_v1.0.9_x5.0_linux_amd64 plugin: 2023/05/21 13:51:02 [DEBUG] starting remote command: rm -f /tmp/script_5233.sh
2023/05/21 13:51:02 packer-plugin-qemu_v1.0.9_x5.0_linux_amd64 plugin: 2023/05/21 13:51:02 [INFO] RPC endpoint: Communicator ended with: 0
2023/05/21 13:51:02 [INFO] RPC client: Communicator ended with: 0
2023/05/21 13:51:02 [INFO] RPC endpoint: Communicator ended with: 0
2023/05/21 13:51:02 packer-provisioner-shell plugin: [INFO] RPC client: Communicator ended with: 0
2023/05/21 13:51:02 ui: [1;32m==> bastille-installer.qemu.artix: Provisioning with shell script: scripts/mirrors.sh[0m
2023/05/21 13:51:02 packer-provisioner-shell plugin: Opening scripts/mirrors.sh for reading
2023/05/21 13:51:02 packer-provisioner-shell plugin: [INFO] 825 bytes written for 'uploadData'
2023/05/21 13:51:02 [INFO] 825 bytes written for 'uploadData'
2023/05/21 13:51:02 packer-plugin-qemu_v1.0.9_x5.0_linux_amd64 plugin: 2023/05/21 13:51:02 [DEBUG] Opening new ssh session
2023/05/21 13:51:02 packer-plugin-qemu_v1.0.9_x5.0_linux_amd64 plugin: 2023/05/21 13:51:02 [DEBUG] Starting remote scp process:  scp -vt /tmp
2023/05/21 13:51:02 packer-plugin-qemu_v1.0.9_x5.0_linux_amd64 plugin: 2023/05/21 13:51:02 [DEBUG] Started SCP session, beginning transfers...
2023/05/21 13:51:02 packer-plugin-qemu_v1.0.9_x5.0_linux_amd64 plugin: 2023/05/21 13:51:02 [DEBUG] Copying input data into temporary file so we can read the length
2023/05/21 13:51:02 packer-plugin-qemu_v1.0.9_x5.0_linux_amd64 plugin: 2023/05/21 13:51:02 [DEBUG] scp: Uploading script_5233.sh: perms=C0644 size=825
2023/05/21 13:51:02 packer-plugin-qemu_v1.0.9_x5.0_linux_amd64 plugin: 2023/05/21 13:51:02 [DEBUG] SCP session complete, closing stdin pipe.
2023/05/21 13:51:02 packer-plugin-qemu_v1.0.9_x5.0_linux_amd64 plugin: 2023/05/21 13:51:02 [DEBUG] Waiting for SSH session to complete.
2023/05/21 13:51:02 packer-plugin-qemu_v1.0.9_x5.0_linux_amd64 plugin: 2023/05/21 13:51:02 [DEBUG] scp stderr (length 70): Sink: C0644 825 script_5233.sh
2023/05/21 13:51:02 packer-plugin-qemu_v1.0.9_x5.0_linux_amd64 plugin: scp: debug1: fd 0 clearing O_NONBLOCK
2023/05/21 13:51:02 packer-plugin-qemu_v1.0.9_x5.0_linux_amd64 plugin: 2023/05/21 13:51:02 [DEBUG] Opening new ssh session
2023/05/21 13:51:02 packer-plugin-qemu_v1.0.9_x5.0_linux_amd64 plugin: 2023/05/21 13:51:02 [DEBUG] starting remote command: chmod 0755 /tmp/script_5233.sh
2023/05/21 13:51:02 packer-plugin-qemu_v1.0.9_x5.0_linux_amd64 plugin: 2023/05/21 13:51:02 [INFO] RPC endpoint: Communicator ended with: 0
2023/05/21 13:51:02 [INFO] RPC client: Communicator ended with: 0
2023/05/21 13:51:02 [INFO] RPC endpoint: Communicator ended with: 0
2023/05/21 13:51:02 packer-provisioner-shell plugin: [INFO] RPC client: Communicator ended with: 0
2023/05/21 13:51:02 packer-plugin-qemu_v1.0.9_x5.0_linux_amd64 plugin: 2023/05/21 13:51:02 [DEBUG] Opening new ssh session
2023/05/21 13:51:02 packer-plugin-qemu_v1.0.9_x5.0_linux_amd64 plugin: 2023/05/21 13:51:02 [DEBUG] starting remote command: echo 'primany provisioner';PACKER_BUILDER_TYPE='qemu' PACKER_BUILD_NAME='artix' PACKER_HTTP_ADDR='10.0.2.2:8369' PACKER_HTTP_IP='10.0.2.2' PACKER_HTTP_PORT='8369'  sudo -E -S bash '/tmp/script_5233.sh'
2023/05/21 13:51:02 ui: [0;32m    bastille-installer.qemu.artix: primany provisioner[0m
2023/05/21 13:51:02 ui: [0;32m    bastille-installer.qemu.artix: ==> mirrors.sh: Reranking pacman mirrorlist..[0m
2023/05/21 13:51:05 ui: [0;32m    bastille-installer.qemu.artix: ==> mirrors.sh: Installing cron..[0m
2023/05/21 13:51:06 ui: [0;32m    bastille-installer.qemu.artix: ==> mirrors.sh: Crontab rankmirrors every week..[0m
2023/05/21 13:51:06 [INFO] 149 bytes written for 'stdout'
2023/05/21 13:51:06 [INFO] 0 bytes written for 'stderr'
2023/05/21 13:51:06 [INFO] RPC client: Communicator ended with: 0
2023/05/21 13:51:06 [INFO] RPC endpoint: Communicator ended with: 0
2023/05/21 13:51:06 packer-plugin-qemu_v1.0.9_x5.0_linux_amd64 plugin: 2023/05/21 13:51:06 [INFO] RPC endpoint: Communicator ended with: 0
2023/05/21 13:51:06 packer-provisioner-shell plugin: [INFO] 149 bytes written for 'stdout'
2023/05/21 13:51:06 packer-provisioner-shell plugin: [INFO] 0 bytes written for 'stderr'
2023/05/21 13:51:06 packer-provisioner-shell plugin: [INFO] RPC client: Communicator ended with: 0
2023/05/21 13:51:06 packer-plugin-qemu_v1.0.9_x5.0_linux_amd64 plugin: 2023/05/21 13:51:06 [DEBUG] Opening new ssh session
2023/05/21 13:51:06 packer-plugin-qemu_v1.0.9_x5.0_linux_amd64 plugin: 2023/05/21 13:51:06 [DEBUG] starting remote command: rm -f /tmp/script_5233.sh
2023/05/21 13:51:06 [INFO] RPC client: Communicator ended with: 0
2023/05/21 13:51:06 [INFO] RPC endpoint: Communicator ended with: 0
2023/05/21 13:51:06 packer-plugin-qemu_v1.0.9_x5.0_linux_amd64 plugin: 2023/05/21 13:51:06 [INFO] RPC endpoint: Communicator ended with: 0
2023/05/21 13:51:06 packer-provisioner-shell plugin: [INFO] RPC client: Communicator ended with: 0
2023/05/21 13:51:06 ui: [1;32m==> bastille-installer.qemu.artix: Provisioning with shell script: scripts/bootloader.sh[0m
2023/05/21 13:51:06 packer-provisioner-shell plugin: Opening scripts/bootloader.sh for reading
2023/05/21 13:51:06 packer-provisioner-shell plugin: [INFO] 751 bytes written for 'uploadData'
2023/05/21 13:51:06 [INFO] 751 bytes written for 'uploadData'
2023/05/21 13:51:06 packer-plugin-qemu_v1.0.9_x5.0_linux_amd64 plugin: 2023/05/21 13:51:06 [DEBUG] Opening new ssh session
2023/05/21 13:51:06 packer-plugin-qemu_v1.0.9_x5.0_linux_amd64 plugin: 2023/05/21 13:51:06 [DEBUG] Starting remote scp process:  scp -vt /tmp
2023/05/21 13:51:06 packer-plugin-qemu_v1.0.9_x5.0_linux_amd64 plugin: 2023/05/21 13:51:06 [DEBUG] Started SCP session, beginning transfers...
2023/05/21 13:51:06 packer-plugin-qemu_v1.0.9_x5.0_linux_amd64 plugin: 2023/05/21 13:51:06 [DEBUG] Copying input data into temporary file so we can read the length
2023/05/21 13:51:06 packer-plugin-qemu_v1.0.9_x5.0_linux_amd64 plugin: 2023/05/21 13:51:06 [DEBUG] scp: Uploading script_5233.sh: perms=C0644 size=751
2023/05/21 13:51:06 packer-plugin-qemu_v1.0.9_x5.0_linux_amd64 plugin: 2023/05/21 13:51:06 [DEBUG] SCP session complete, closing stdin pipe.
2023/05/21 13:51:06 packer-plugin-qemu_v1.0.9_x5.0_linux_amd64 plugin: 2023/05/21 13:51:06 [DEBUG] Waiting for SSH session to complete.
2023/05/21 13:51:06 packer-plugin-qemu_v1.0.9_x5.0_linux_amd64 plugin: 2023/05/21 13:51:06 [DEBUG] scp stderr (length 70): Sink: C0644 751 script_5233.sh
2023/05/21 13:51:06 packer-plugin-qemu_v1.0.9_x5.0_linux_amd64 plugin: scp: debug1: fd 0 clearing O_NONBLOCK
2023/05/21 13:51:06 packer-plugin-qemu_v1.0.9_x5.0_linux_amd64 plugin: 2023/05/21 13:51:06 [DEBUG] Opening new ssh session
2023/05/21 13:51:06 packer-plugin-qemu_v1.0.9_x5.0_linux_amd64 plugin: 2023/05/21 13:51:06 [DEBUG] starting remote command: chmod 0755 /tmp/script_5233.sh
2023/05/21 13:51:06 [INFO] RPC client: Communicator ended with: 0
2023/05/21 13:51:06 [INFO] RPC endpoint: Communicator ended with: 0
2023/05/21 13:51:06 packer-plugin-qemu_v1.0.9_x5.0_linux_amd64 plugin: 2023/05/21 13:51:06 [INFO] RPC endpoint: Communicator ended with: 0
2023/05/21 13:51:06 packer-provisioner-shell plugin: [INFO] RPC client: Communicator ended with: 0
2023/05/21 13:51:06 packer-plugin-qemu_v1.0.9_x5.0_linux_amd64 plugin: 2023/05/21 13:51:06 [DEBUG] Opening new ssh session
2023/05/21 13:51:06 packer-plugin-qemu_v1.0.9_x5.0_linux_amd64 plugin: 2023/05/21 13:51:06 [DEBUG] starting remote command: echo 'primany provisioner';PACKER_BUILDER_TYPE='qemu' PACKER_BUILD_NAME='artix' PACKER_HTTP_ADDR='10.0.2.2:8369' PACKER_HTTP_IP='10.0.2.2' PACKER_HTTP_PORT='8369'  sudo -E -S bash '/tmp/script_5233.sh'
2023/05/21 13:51:06 ui: [0;32m    bastille-installer.qemu.artix: primany provisioner[0m
2023/05/21 13:51:06 ui: [0;32m    bastille-installer.qemu.artix: ==> bootloader.sh: Installing grub packages..[0m
2023/05/21 13:51:52 ui: [0;32m    bastille-installer.qemu.artix: ==> bootloader.sh: Pre-configure grub..[0m
2023/05/21 13:51:52 ui: [0;32m    bastille-installer.qemu.artix: ==> bootloader.sh: Installing grub..[0m
2023/05/21 13:52:01 ui: [0;32m    bastille-installer.qemu.artix: ==> bootloader.sh: Check boots..[0m
2023/05/21 13:52:01 [INFO] 176 bytes written for 'stdout'
2023/05/21 13:52:01 [INFO] 0 bytes written for 'stderr'
2023/05/21 13:52:01 [INFO] RPC client: Communicator ended with: 0
2023/05/21 13:52:01 [INFO] RPC endpoint: Communicator ended with: 0
2023/05/21 13:52:01 packer-plugin-qemu_v1.0.9_x5.0_linux_amd64 plugin: 2023/05/21 13:52:01 [INFO] RPC endpoint: Communicator ended with: 0
2023/05/21 13:52:01 packer-provisioner-shell plugin: [INFO] 176 bytes written for 'stdout'
2023/05/21 13:52:01 packer-provisioner-shell plugin: [INFO] 0 bytes written for 'stderr'
2023/05/21 13:52:01 packer-provisioner-shell plugin: [INFO] RPC client: Communicator ended with: 0
2023/05/21 13:52:01 packer-plugin-qemu_v1.0.9_x5.0_linux_amd64 plugin: 2023/05/21 13:52:01 [DEBUG] Opening new ssh session
2023/05/21 13:52:01 packer-plugin-qemu_v1.0.9_x5.0_linux_amd64 plugin: 2023/05/21 13:52:01 [DEBUG] starting remote command: rm -f /tmp/script_5233.sh
2023/05/21 13:52:01 [INFO] RPC client: Communicator ended with: 0
2023/05/21 13:52:01 [INFO] RPC endpoint: Communicator ended with: 0
2023/05/21 13:52:01 packer-plugin-qemu_v1.0.9_x5.0_linux_amd64 plugin: 2023/05/21 13:52:01 [INFO] RPC endpoint: Communicator ended with: 0
2023/05/21 13:52:01 packer-provisioner-shell plugin: [INFO] RPC client: Communicator ended with: 0
2023/05/21 13:52:01 ui: [1;32m==> bastille-installer.qemu.artix: Provisioning with shell script: scripts/pacman.sh[0m
2023/05/21 13:52:01 packer-provisioner-shell plugin: Opening scripts/pacman.sh for reading
2023/05/21 13:52:01 packer-provisioner-shell plugin: [INFO] 329 bytes written for 'uploadData'
2023/05/21 13:52:01 [INFO] 329 bytes written for 'uploadData'
2023/05/21 13:52:01 packer-plugin-qemu_v1.0.9_x5.0_linux_amd64 plugin: 2023/05/21 13:52:01 [DEBUG] Opening new ssh session
2023/05/21 13:52:01 packer-plugin-qemu_v1.0.9_x5.0_linux_amd64 plugin: 2023/05/21 13:52:01 [DEBUG] Starting remote scp process:  scp -vt /tmp
2023/05/21 13:52:01 packer-plugin-qemu_v1.0.9_x5.0_linux_amd64 plugin: 2023/05/21 13:52:01 [DEBUG] Started SCP session, beginning transfers...
2023/05/21 13:52:01 packer-plugin-qemu_v1.0.9_x5.0_linux_amd64 plugin: 2023/05/21 13:52:01 [DEBUG] Copying input data into temporary file so we can read the length
2023/05/21 13:52:01 packer-plugin-qemu_v1.0.9_x5.0_linux_amd64 plugin: 2023/05/21 13:52:01 [DEBUG] scp: Uploading script_5233.sh: perms=C0644 size=329
2023/05/21 13:52:01 packer-plugin-qemu_v1.0.9_x5.0_linux_amd64 plugin: 2023/05/21 13:52:01 [DEBUG] SCP session complete, closing stdin pipe.
2023/05/21 13:52:01 packer-plugin-qemu_v1.0.9_x5.0_linux_amd64 plugin: 2023/05/21 13:52:01 [DEBUG] Waiting for SSH session to complete.
2023/05/21 13:52:01 packer-plugin-qemu_v1.0.9_x5.0_linux_amd64 plugin: 2023/05/21 13:52:01 [DEBUG] scp stderr (length 70): Sink: C0644 329 script_5233.sh
2023/05/21 13:52:01 packer-plugin-qemu_v1.0.9_x5.0_linux_amd64 plugin: scp: debug1: fd 0 clearing O_NONBLOCK
2023/05/21 13:52:01 packer-plugin-qemu_v1.0.9_x5.0_linux_amd64 plugin: 2023/05/21 13:52:01 [DEBUG] Opening new ssh session
2023/05/21 13:52:01 packer-plugin-qemu_v1.0.9_x5.0_linux_amd64 plugin: 2023/05/21 13:52:01 [DEBUG] starting remote command: chmod 0755 /tmp/script_5233.sh
2023/05/21 13:52:01 packer-plugin-qemu_v1.0.9_x5.0_linux_amd64 plugin: 2023/05/21 13:52:01 [INFO] RPC endpoint: Communicator ended with: 0
2023/05/21 13:52:01 [INFO] RPC client: Communicator ended with: 0
2023/05/21 13:52:01 [INFO] RPC endpoint: Communicator ended with: 0
2023/05/21 13:52:01 packer-provisioner-shell plugin: [INFO] RPC client: Communicator ended with: 0
2023/05/21 13:52:01 packer-plugin-qemu_v1.0.9_x5.0_linux_amd64 plugin: 2023/05/21 13:52:01 [DEBUG] Opening new ssh session
2023/05/21 13:52:01 packer-plugin-qemu_v1.0.9_x5.0_linux_amd64 plugin: 2023/05/21 13:52:01 [DEBUG] starting remote command: echo 'primany provisioner';PACKER_BUILDER_TYPE='qemu' PACKER_BUILD_NAME='artix' PACKER_HTTP_ADDR='10.0.2.2:8369' PACKER_HTTP_IP='10.0.2.2' PACKER_HTTP_PORT='8369'  sudo -E -S bash '/tmp/script_5233.sh'
2023/05/21 13:52:01 ui: [0;32m    bastille-installer.qemu.artix: primany provisioner[0m
2023/05/21 13:52:01 ui: [0;32m    bastille-installer.qemu.artix: ==> pacman.sh: Installing databases..[0m
2023/05/21 13:52:02 ui: [0;32m    bastille-installer.qemu.artix: ==> pacman.sh: Installing basic packages..[0m
2023/05/21 13:52:04 packer-plugin-qemu_v1.0.9_x5.0_linux_amd64 plugin: 2023/05/21 13:52:04 [INFO] RPC endpoint: Communicator ended with: 0
2023/05/21 13:52:04 [INFO] 101 bytes written for 'stdout'
2023/05/21 13:52:04 [INFO] 0 bytes written for 'stderr'
2023/05/21 13:52:04 [INFO] RPC client: Communicator ended with: 0
2023/05/21 13:52:04 [INFO] RPC endpoint: Communicator ended with: 0
2023/05/21 13:52:04 packer-provisioner-shell plugin: [INFO] 101 bytes written for 'stdout'
2023/05/21 13:52:04 packer-provisioner-shell plugin: [INFO] 0 bytes written for 'stderr'
2023/05/21 13:52:04 packer-provisioner-shell plugin: [INFO] RPC client: Communicator ended with: 0
2023/05/21 13:52:04 packer-plugin-qemu_v1.0.9_x5.0_linux_amd64 plugin: 2023/05/21 13:52:04 [DEBUG] Opening new ssh session
2023/05/21 13:52:04 packer-plugin-qemu_v1.0.9_x5.0_linux_amd64 plugin: 2023/05/21 13:52:04 [DEBUG] starting remote command: rm -f /tmp/script_5233.sh
2023/05/21 13:52:04 packer-plugin-qemu_v1.0.9_x5.0_linux_amd64 plugin: 2023/05/21 13:52:04 [INFO] RPC endpoint: Communicator ended with: 0
2023/05/21 13:52:04 [INFO] RPC client: Communicator ended with: 0
2023/05/21 13:52:04 [INFO] RPC endpoint: Communicator ended with: 0
2023/05/21 13:52:04 packer-provisioner-shell plugin: [INFO] RPC client: Communicator ended with: 0
2023/05/21 13:52:04 ui: [1;32m==> bastille-installer.qemu.artix: Provisioning with shell script: scripts/setup.sh[0m
2023/05/21 13:52:04 packer-provisioner-shell plugin: Opening scripts/setup.sh for reading
2023/05/21 13:52:04 packer-plugin-qemu_v1.0.9_x5.0_linux_amd64 plugin: 2023/05/21 13:52:04 [DEBUG] Opening new ssh session
2023/05/21 13:52:04 packer-provisioner-shell plugin: [INFO] 3947 bytes written for 'uploadData'
2023/05/21 13:52:04 [INFO] 3947 bytes written for 'uploadData'
2023/05/21 13:52:04 packer-plugin-qemu_v1.0.9_x5.0_linux_amd64 plugin: 2023/05/21 13:52:04 [DEBUG] Starting remote scp process:  scp -vt /tmp
2023/05/21 13:52:04 packer-plugin-qemu_v1.0.9_x5.0_linux_amd64 plugin: 2023/05/21 13:52:04 [DEBUG] Started SCP session, beginning transfers...
2023/05/21 13:52:04 packer-plugin-qemu_v1.0.9_x5.0_linux_amd64 plugin: 2023/05/21 13:52:04 [DEBUG] Copying input data into temporary file so we can read the length
2023/05/21 13:52:04 packer-plugin-qemu_v1.0.9_x5.0_linux_amd64 plugin: 2023/05/21 13:52:04 [DEBUG] scp: Uploading script_5233.sh: perms=C0644 size=3947
2023/05/21 13:52:04 packer-plugin-qemu_v1.0.9_x5.0_linux_amd64 plugin: 2023/05/21 13:52:04 [DEBUG] SCP session complete, closing stdin pipe.
2023/05/21 13:52:04 packer-plugin-qemu_v1.0.9_x5.0_linux_amd64 plugin: 2023/05/21 13:52:04 [DEBUG] Waiting for SSH session to complete.
2023/05/21 13:52:04 packer-plugin-qemu_v1.0.9_x5.0_linux_amd64 plugin: 2023/05/21 13:52:04 [DEBUG] scp stderr (length 71): Sink: C0644 3947 script_5233.sh
2023/05/21 13:52:04 packer-plugin-qemu_v1.0.9_x5.0_linux_amd64 plugin: scp: debug1: fd 0 clearing O_NONBLOCK
2023/05/21 13:52:04 packer-plugin-qemu_v1.0.9_x5.0_linux_amd64 plugin: 2023/05/21 13:52:04 [DEBUG] Opening new ssh session
2023/05/21 13:52:04 packer-plugin-qemu_v1.0.9_x5.0_linux_amd64 plugin: 2023/05/21 13:52:04 [DEBUG] starting remote command: chmod 0755 /tmp/script_5233.sh
2023/05/21 13:52:04 [INFO] RPC client: Communicator ended with: 0
2023/05/21 13:52:04 [INFO] RPC endpoint: Communicator ended with: 0
2023/05/21 13:52:04 packer-plugin-qemu_v1.0.9_x5.0_linux_amd64 plugin: 2023/05/21 13:52:04 [INFO] RPC endpoint: Communicator ended with: 0
2023/05/21 13:52:04 packer-provisioner-shell plugin: [INFO] RPC client: Communicator ended with: 0
2023/05/21 13:52:04 packer-plugin-qemu_v1.0.9_x5.0_linux_amd64 plugin: 2023/05/21 13:52:04 [DEBUG] Opening new ssh session
2023/05/21 13:52:04 packer-plugin-qemu_v1.0.9_x5.0_linux_amd64 plugin: 2023/05/21 13:52:04 [DEBUG] starting remote command: echo 'primany provisioner';PACKER_BUILDER_TYPE='qemu' PACKER_BUILD_NAME='artix' PACKER_HTTP_ADDR='10.0.2.2:8369' PACKER_HTTP_IP='10.0.2.2' PACKER_HTTP_PORT='8369'  sudo -E -S bash '/tmp/script_5233.sh'
2023/05/21 13:52:04 ui: [0;32m    bastille-installer.qemu.artix: primany provisioner[0m
2023/05/21 13:52:04 ui: [0;32m    bastille-installer.qemu.artix: ==> setup.sh: Generating the system configuration script..[0m
2023/05/21 13:52:04 ui: [0;32m    bastille-installer.qemu.artix: ==> setup.sh: Entering chroot and configuring system..[0m
2023/05/21 13:52:04 ui: [0;32m    bastille-installer.qemu.artix: ==> setup.sh: Configuring hostname, timezone, and keymap..[0m
2023/05/21 13:52:04 ui: [0;32m    bastille-installer.qemu.artix: ==> setup.sh: Configuring locale..[0m
2023/05/21 13:52:07 ui: [0;32m    bastille-installer.qemu.artix: ==> setup.sh: Creating initramfs..[0m
2023/05/21 13:52:49 ui: [0;32m    bastille-installer.qemu.artix: ==> setup.sh: Setting root pasword..[0m
2023/05/21 13:52:49 ui: [0;32m    bastille-installer.qemu.artix: ==> setup.sh: Configuring sshd..[0m
2023/05/21 13:52:49 ui: [0;32m    bastille-installer.qemu.artix: ==> setup.sh: Adding workaround for sshd connection issue after reboot..[0m
2023/05/21 13:52:50 ui: [0;32m    bastille-installer.qemu.artix: ==> setup.sh: Enable time synching..[0m
2023/05/21 13:52:51 ui: [0;32m    bastille-installer.qemu.artix: ==> setup.sh: Installing manjaro-arm-installer non-AUR dependencies..[0m
2023/05/21 13:52:59 ui: [0;32m    bastille-installer.qemu.artix: ==> setup.sh: Modifying box user..[0m
2023/05/21 13:53:00 ui: [0;32m    bastille-installer.qemu.artix: ==> setup.sh: Configuring sudo..[0m
2023/05/21 13:53:00 ui: [0;32m    bastille-installer.qemu.artix: ==> setup.sh: Cleaning up..[0m
2023/05/21 13:53:00 ui: [0;32m    bastille-installer.qemu.artix: ==> setup.sh: Creating ssh access for bas..[0m
2023/05/21 13:53:00 ui: [0;32m    bastille-installer.qemu.artix: ==> setup.sh: Enable ssh access manually for box..[0m
2023/05/21 13:53:00 ui: [0;32m    bastille-installer.qemu.artix: ==> setup.sh: Moving vars file to box..[0m
2023/05/21 13:53:00 ui: [0;32m    bastille-installer.qemu.artix: ==> setup.sh: Trimming partition sizes..[0m
2023/05/21 13:53:00 ui: [0;32m    bastille-installer.qemu.artix: ==> setup.sh: Unmounting box partitions from liveVM..[0m
2023/05/21 14:02:21 packer-plugin-qemu_v1.0.9_x5.0_linux_amd64 plugin: 2023/05/21 14:02:21 [ERROR] Remote command exited without exit status or exit signal.
2023/05/21 14:02:21 packer-plugin-qemu_v1.0.9_x5.0_linux_amd64 plugin: 2023/05/21 14:02:21 [INFO] RPC endpoint: Communicator ended with: 2300218
2023/05/21 14:02:21 [INFO] 839 bytes written for 'stdout'
2023/05/21 14:02:21 [INFO] 0 bytes written for 'stderr'
2023/05/21 14:02:21 [INFO] RPC client: Communicator ended with: 2300218
2023/05/21 14:02:21 [INFO] RPC endpoint: Communicator ended with: 2300218
2023/05/21 14:02:21 packer-provisioner-shell plugin: [INFO] 839 bytes written for 'stdout'
2023/05/21 14:02:21 packer-provisioner-shell plugin: [INFO] 0 bytes written for 'stderr'
2023/05/21 14:02:21 packer-provisioner-shell plugin: [INFO] RPC client: Communicator ended with: 2300218
2023/05/21 14:02:21 packer-plugin-qemu_v1.0.9_x5.0_linux_amd64 plugin: 2023/05/21 14:02:21 [DEBUG] Opening new ssh session
2023/05/21 14:02:21 packer-plugin-qemu_v1.0.9_x5.0_linux_amd64 plugin: 2023/05/21 14:02:21 [ERROR] ssh session open error: 'EOF', attempting reconnect
2023/05/21 14:02:21 packer-plugin-qemu_v1.0.9_x5.0_linux_amd64 plugin: 2023/05/21 14:02:21 [DEBUG] reconnecting to TCP connection for SSH
2023/05/21 14:02:21 packer-plugin-qemu_v1.0.9_x5.0_linux_amd64 plugin: 2023/05/21 14:02:21 [DEBUG] handshaking with SSH
2023/05/21 14:03:21 packer-provisioner-shell plugin: Retryable error: Error removing temporary script at /tmp/script_5233.sh: Timeout during SSH handshake
2023/05/21 14:03:23 packer-plugin-qemu_v1.0.9_x5.0_linux_amd64 plugin: 2023/05/21 14:03:23 [DEBUG] Opening new ssh session
2023/05/21 14:03:23 packer-plugin-qemu_v1.0.9_x5.0_linux_amd64 plugin: 2023/05/21 14:03:23 [ERROR] ssh session open error: 'client not available', attempting reconnect
2023/05/21 14:03:23 packer-plugin-qemu_v1.0.9_x5.0_linux_amd64 plugin: 2023/05/21 14:03:23 [DEBUG] reconnecting to TCP connection for SSH
2023/05/21 14:03:23 packer-plugin-qemu_v1.0.9_x5.0_linux_amd64 plugin: 2023/05/21 14:03:23 [DEBUG] handshaking with SSH
2023/05/21 14:04:23 packer-provisioner-shell plugin: Retryable error: Error removing temporary script at /tmp/script_5233.sh: Timeout during SSH handshake
2023/05/21 14:04:25 packer-plugin-qemu_v1.0.9_x5.0_linux_amd64 plugin: 2023/05/21 14:04:25 [DEBUG] Opening new ssh session
2023/05/21 14:04:25 packer-plugin-qemu_v1.0.9_x5.0_linux_amd64 plugin: 2023/05/21 14:04:25 [ERROR] ssh session open error: 'client not available', attempting reconnect
2023/05/21 14:04:25 packer-plugin-qemu_v1.0.9_x5.0_linux_amd64 plugin: 2023/05/21 14:04:25 [DEBUG] reconnecting to TCP connection for SSH
2023/05/21 14:04:25 packer-plugin-qemu_v1.0.9_x5.0_linux_amd64 plugin: 2023/05/21 14:04:25 [DEBUG] handshaking with SSH
2023/05/21 14:05:25 packer-provisioner-shell plugin: Retryable error: Error removing temporary script at /tmp/script_5233.sh: Timeout during SSH handshake
2023/05/21 14:05:27 packer-plugin-qemu_v1.0.9_x5.0_linux_amd64 plugin: 2023/05/21 14:05:27 [DEBUG] Opening new ssh session
2023/05/21 14:05:27 packer-plugin-qemu_v1.0.9_x5.0_linux_amd64 plugin: 2023/05/21 14:05:27 [ERROR] ssh session open error: 'client not available', attempting reconnect
2023/05/21 14:05:27 packer-plugin-qemu_v1.0.9_x5.0_linux_amd64 plugin: 2023/05/21 14:05:27 [DEBUG] reconnecting to TCP connection for SSH
2023/05/21 14:05:27 packer-plugin-qemu_v1.0.9_x5.0_linux_amd64 plugin: 2023/05/21 14:05:27 [DEBUG] handshaking with SSH
2023/05/21 14:06:27 packer-provisioner-shell plugin: Retryable error: Error removing temporary script at /tmp/script_5233.sh: Timeout during SSH handshake
2023/05/21 14:06:29 packer-plugin-qemu_v1.0.9_x5.0_linux_amd64 plugin: 2023/05/21 14:06:29 [DEBUG] Opening new ssh session
2023/05/21 14:06:29 packer-plugin-qemu_v1.0.9_x5.0_linux_amd64 plugin: 2023/05/21 14:06:29 [ERROR] ssh session open error: 'client not available', attempting reconnect
2023/05/21 14:06:29 packer-plugin-qemu_v1.0.9_x5.0_linux_amd64 plugin: 2023/05/21 14:06:29 [DEBUG] reconnecting to TCP connection for SSH
2023/05/21 14:06:29 packer-plugin-qemu_v1.0.9_x5.0_linux_amd64 plugin: 2023/05/21 14:06:29 [DEBUG] handshaking with SSH
2023/05/21 14:07:29 packer-provisioner-shell plugin: Retryable error: Error removing temporary script at /tmp/script_5233.sh: Timeout during SSH handshake
2023/05/21 14:07:29 [INFO] (telemetry) ending shell
2023/05/21 14:07:29 ui: [1;32m==> bastille-installer.qemu.artix: Provisioning step had errors: Running the cleanup provisioner, if present...[0m
2023/05/21 14:07:29 ui: [1;32m==> bastille-installer.qemu.artix: Deleting output directory...[0m
2023/05/21 14:07:29 packer-plugin-qemu_v1.0.9_x5.0_linux_amd64 plugin: 2023/05/21 14:07:29 failed to unlock port lockfile: close tcp 127.0.0.1:5989: use of closed network connection
2023/05/21 14:07:29 packer-plugin-qemu_v1.0.9_x5.0_linux_amd64 plugin: 2023/05/21 14:07:29 failed to unlock port lockfile: close tcp 127.0.0.1:3070: use of closed network connection
2023/05/21 14:07:29 [INFO] (telemetry) ending qemu.artix
2023/05/21 14:07:29 ui error: [1;31mBuild 'bastille-installer.qemu.artix' errored after 21 minutes 48 seconds: Error removing temporary script at /tmp/script_5233.sh: Timeout during SSH handshake[0m
2023/05/21 14:07:29 ui: 
==> Wait completed after 21 minutes 48 seconds
2023/05/21 14:07:29 machine readable: error-count []string{"1"}
2023/05/21 14:07:29 ui error: 
==> Some builds didn't complete successfully and had errors:
2023/05/21 14:07:29 machine readable: bastille-installer.qemu.artix,error []string{"Error removing temporary script at /tmp/script_5233.sh: Timeout during SSH handshake"}
2023/05/21 14:07:29 ui error: --> bastille-installer.qemu.artix: Error removing temporary script at /tmp/script_5233.sh: Timeout during SSH handshake
2023/05/21 14:07:29 ui: 
==> Builds finished but no artifacts were created.
2023/05/21 14:07:29 [INFO] (telemetry) Finalizing.
2023/05/21 14:07:29 waiting for all plugin processes to complete...
2023/05/21 14:07:29 [ERR] Error decoding response stream 50: EOF
2023/05/21 14:07:29 [ERR] Error decoding response stream 51: EOF
2023/05/21 14:07:29 [ERR] Error decoding response stream 52: EOF
2023/05/21 14:07:29 [ERR] Error decoding response stream 49: EOF
2023/05/21 14:07:29 [ERR] Error decoding response stream 53: EOF
2023/05/21 14:07:29 /home/folaht/.config/packer/plugins/github.com/hashicorp/qemu/packer-plugin-qemu_v1.0.9_x5.0_linux_amd64: plugin process exited
2023/05/21 14:07:29 /usr/bin/packer: plugin process exited
2023/05/21 14:07:29 /usr/bin/packer: plugin process exited
2023/05/21 14:07:29 /usr/bin/packer: plugin process exited
2023/05/21 14:07:29 /usr/bin/packer: plugin process exited
