2023/04/09 18:21:45 [INFO] Packer version: 1.8.6 [go1.20.1 linux amd64]
2023/04/09 18:21:45 [TRACE] discovering plugins in /usr/bin
2023/04/09 18:21:45 [TRACE] discovering plugins in /home/folaht/.config/packer/plugins
2023/04/09 18:21:45 [DEBUG] Discovered plugin: qemu = /home/folaht/.config/packer/plugins/github.com/hashicorp/qemu/packer-plugin-qemu_v1.0.0_x5.0_linux_amd64
2023/04/09 18:21:45 [INFO] found external [-packer-default-plugin-name-] builders from qemu plugin
2023/04/09 18:21:45 [TRACE] discovering plugins in .
2023/04/09 18:21:45 [INFO] PACKER_CONFIG env var set; attempting to open config file: /home/folaht/.config/packer/packerconfig
2023/04/09 18:21:45 [INFO] Setting cache directory: /home/folaht/.cache/packer
2023/04/09 18:21:45 [TRACE] validateValue: not active for cpus, so skipping
2023/04/09 18:21:45 [TRACE] validateValue: not active for ssh_username, so skipping
2023/04/09 18:21:45 [TRACE] validateValue: not active for ssh_private_key_file, so skipping
2023/04/09 18:21:45 [TRACE] validateValue: not active for ram, so skipping
2023/04/09 18:21:45 [TRACE] validateValue: not active for disk_size, so skipping
2023/04/09 18:21:45 [TRACE] validateValue: not active for kickstart_script, so skipping
2023/04/09 18:21:45 [TRACE] Starting external plugin /home/folaht/.config/packer/plugins/github.com/hashicorp/qemu/packer-plugin-qemu_v1.0.0_x5.0_linux_amd64 start builder -packer-default-plugin-name-
2023/04/09 18:21:45 Starting plugin: /home/folaht/.config/packer/plugins/github.com/hashicorp/qemu/packer-plugin-qemu_v1.0.0_x5.0_linux_amd64 []string{"/home/folaht/.config/packer/plugins/github.com/hashicorp/qemu/packer-plugin-qemu_v1.0.0_x5.0_linux_amd64", "start", "builder", "-packer-default-plugin-name-"}
2023/04/09 18:21:45 Waiting for RPC address for: /home/folaht/.config/packer/plugins/github.com/hashicorp/qemu/packer-plugin-qemu_v1.0.0_x5.0_linux_amd64
2023/04/09 18:21:45 Received unix RPC address for /home/folaht/.config/packer/plugins/github.com/hashicorp/qemu/packer-plugin-qemu_v1.0.0_x5.0_linux_amd64: addr is /tmp/packer-plugin665458484
2023/04/09 18:21:45 packer-plugin-qemu_v1.0.0_x5.0_linux_amd64 plugin: 2023/04/09 18:21:45 Plugin address: unix /tmp/packer-plugin665458484
2023/04/09 18:21:45 packer-plugin-qemu_v1.0.0_x5.0_linux_amd64 plugin: 2023/04/09 18:21:45 Waiting for connection...
2023/04/09 18:21:45 packer-plugin-qemu_v1.0.0_x5.0_linux_amd64 plugin: 2023/04/09 18:21:45 Serving a plugin connection...
2023/04/09 18:21:45 packer-plugin-qemu_v1.0.0_x5.0_linux_amd64 plugin: 2023/04/09 18:21:45 [TRACE] starting builder -packer-default-plugin-name-
2023/04/09 18:21:45 packer-plugin-qemu_v1.0.0_x5.0_linux_amd64 plugin: 2023/04/09 18:21:45 use specified accelerator: kvm
2023/04/09 18:21:45 [TRACE] Starting internal plugin packer-provisioner-file
2023/04/09 18:21:45 Starting plugin: /usr/bin/packer []string{"/usr/bin/packer", "plugin", "packer-provisioner-file"}
2023/04/09 18:21:45 Waiting for RPC address for: /usr/bin/packer
2023/04/09 18:21:45 packer-provisioner-file plugin: [INFO] Packer version: 1.8.6 [go1.20.1 linux amd64]
2023/04/09 18:21:45 packer-provisioner-file plugin: [INFO] PACKER_CONFIG env var set; attempting to open config file: /home/folaht/.config/packer/packerconfig
2023/04/09 18:21:45 packer-provisioner-file plugin: [INFO] Setting cache directory: /home/folaht/.cache/packer
2023/04/09 18:21:45 packer-provisioner-file plugin: args: []string{"packer-provisioner-file"}
2023/04/09 18:21:45 Received unix RPC address for /usr/bin/packer: addr is /tmp/packer-plugin3774061254
2023/04/09 18:21:45 packer-provisioner-file plugin: Plugin address: unix /tmp/packer-plugin3774061254
2023/04/09 18:21:45 packer-provisioner-file plugin: Waiting for connection...
2023/04/09 18:21:45 packer-provisioner-file plugin: Serving a plugin connection...
2023/04/09 18:21:45 [TRACE] Starting internal plugin packer-provisioner-shell
2023/04/09 18:21:45 Starting plugin: /usr/bin/packer []string{"/usr/bin/packer", "plugin", "packer-provisioner-shell"}
2023/04/09 18:21:45 Waiting for RPC address for: /usr/bin/packer
2023/04/09 18:21:45 packer-provisioner-shell plugin: [INFO] Packer version: 1.8.6 [go1.20.1 linux amd64]
2023/04/09 18:21:45 packer-provisioner-shell plugin: [INFO] PACKER_CONFIG env var set; attempting to open config file: /home/folaht/.config/packer/packerconfig
2023/04/09 18:21:45 packer-provisioner-shell plugin: [INFO] Setting cache directory: /home/folaht/.cache/packer
2023/04/09 18:21:45 packer-provisioner-shell plugin: args: []string{"packer-provisioner-shell"}
2023/04/09 18:21:45 Received unix RPC address for /usr/bin/packer: addr is /tmp/packer-plugin201390352
2023/04/09 18:21:45 packer-provisioner-shell plugin: Plugin address: unix /tmp/packer-plugin201390352
2023/04/09 18:21:45 packer-provisioner-shell plugin: Waiting for connection...
2023/04/09 18:21:45 packer-provisioner-shell plugin: Serving a plugin connection...
2023/04/09 18:21:45 [TRACE] Starting internal plugin packer-post-processor-vagrant
2023/04/09 18:21:45 Starting plugin: /usr/bin/packer []string{"/usr/bin/packer", "plugin", "packer-post-processor-vagrant"}
2023/04/09 18:21:45 Waiting for RPC address for: /usr/bin/packer
2023/04/09 18:21:46 packer-post-processor-vagrant plugin: [INFO] Packer version: 1.8.6 [go1.20.1 linux amd64]
2023/04/09 18:21:46 packer-post-processor-vagrant plugin: [INFO] PACKER_CONFIG env var set; attempting to open config file: /home/folaht/.config/packer/packerconfig
2023/04/09 18:21:46 packer-post-processor-vagrant plugin: [INFO] Setting cache directory: /home/folaht/.cache/packer
2023/04/09 18:21:46 packer-post-processor-vagrant plugin: args: []string{"packer-post-processor-vagrant"}
2023/04/09 18:21:46 packer-post-processor-vagrant plugin: Plugin address: unix /tmp/packer-plugin3600444373
2023/04/09 18:21:46 packer-post-processor-vagrant plugin: Waiting for connection...
2023/04/09 18:21:46 Received unix RPC address for /usr/bin/packer: addr is /tmp/packer-plugin3600444373
2023/04/09 18:21:46 packer-post-processor-vagrant plugin: Serving a plugin connection...
2023/04/09 18:21:46 ui: [1;32mscarf-installer.qemu.archlinux: output will be in this color.[0m
2023/04/09 18:21:46 ui: 
2023/04/09 18:21:46 Build debug mode: false
2023/04/09 18:21:46 Force build: false
2023/04/09 18:21:46 On error: 
2023/04/09 18:21:46 Waiting on builds to complete...
2023/04/09 18:21:46 Starting build run: scarf-installer.qemu.archlinux
2023/04/09 18:21:46 Running builder: 
2023/04/09 18:21:46 [INFO] (telemetry) Starting builder qemu.archlinux
2023/04/09 18:21:46 packer-plugin-qemu_v1.0.0_x5.0_linux_amd64 plugin: 2023/04/09 18:21:46 Qemu path: /usr/bin/qemu-system-x86_64, Qemu Image path: /usr/bin/qemu-img
2023/04/09 18:21:46 ui: [1;32m==> scarf-installer.qemu.archlinux: Retrieving ISO[0m
2023/04/09 18:21:46 ui: [1;32m==> scarf-installer.qemu.archlinux: Trying /var/lib/transmission/iso/archlinux-2023.04.01-x86_64.iso[0m
2023/04/09 18:21:46 packer-plugin-qemu_v1.0.0_x5.0_linux_amd64 plugin: 2023/04/09 18:21:46 Acquiring lock for: /var/lib/transmission/iso/archlinux-2023.04.01-x86_64.iso?checksum=sha256%3Aca729065b0853da0e57e400346df2deac8aaaf7caa1eca3fa34b4b49cce1ea00 (/home/folaht/Nwaȥ/Êspas dû travaj/vîmneo/Âp/scarf-install/sci-base/packer_cache/dfa48c6c1c88f14e9718a7d74acb28a68b1a8c23.iso.lock)
2023/04/09 18:21:46 ui: [1;32m==> scarf-installer.qemu.archlinux: Trying /var/lib/transmission/iso/archlinux-2023.04.01-x86_64.iso?checksum=sha256%3Aca729065b0853da0e57e400346df2deac8aaaf7caa1eca3fa34b4b49cce1ea00[0m
2023/04/09 18:21:52 ui: [1;32m==> scarf-installer.qemu.archlinux: /var/lib/transmission/iso/archlinux-2023.04.01-x86_64.iso?checksum=sha256%3Aca729065b0853da0e57e400346df2deac8aaaf7caa1eca3fa34b4b49cce1ea00 => /var/lib/transmission/iso/archlinux-2023.04.01-x86_64.iso[0m
2023/04/09 18:21:52 packer-plugin-qemu_v1.0.0_x5.0_linux_amd64 plugin: 2023/04/09 18:21:52 Leaving retrieve loop for ISO
2023/04/09 18:21:52 packer-plugin-qemu_v1.0.0_x5.0_linux_amd64 plugin: 2023/04/09 18:21:52 No floppy files specified. Floppy disk will not be made.
2023/04/09 18:21:52 packer-plugin-qemu_v1.0.0_x5.0_linux_amd64 plugin: 2023/04/09 18:21:52 No CD files specified. CD disk will not be made.
2023/04/09 18:21:52 ui: [1;32m==> scarf-installer.qemu.archlinux: Copying hard drive...[0m
2023/04/09 18:21:52 packer-plugin-qemu_v1.0.0_x5.0_linux_amd64 plugin: 2023/04/09 18:21:52 Executing qemu-img: []string{"convert", "-O", "qcow2", "/var/lib/transmission/iso/archlinux-2023.04.01-x86_64.iso", "output/scarf-installer.qcow2"}
2023/04/09 18:21:53 packer-plugin-qemu_v1.0.0_x5.0_linux_amd64 plugin: 2023/04/09 18:21:53 stdout:
2023/04/09 18:21:53 packer-plugin-qemu_v1.0.0_x5.0_linux_amd64 plugin: 2023/04/09 18:21:53 stderr:
2023/04/09 18:21:53 ui: [1;32m==> scarf-installer.qemu.archlinux: Resizing hard drive...[0m
2023/04/09 18:21:53 packer-plugin-qemu_v1.0.0_x5.0_linux_amd64 plugin: 2023/04/09 18:21:53 Executing qemu-img: []string{"resize", "-f", "qcow2", "output/scarf-installer.qcow2", "4G"}
2023/04/09 18:21:55 packer-plugin-qemu_v1.0.0_x5.0_linux_amd64 plugin: 2023/04/09 18:21:55 stdout: Image resized.
2023/04/09 18:21:55 packer-plugin-qemu_v1.0.0_x5.0_linux_amd64 plugin: 2023/04/09 18:21:55 stderr:
2023/04/09 18:21:55 packer-plugin-qemu_v1.0.0_x5.0_linux_amd64 plugin: 2023/04/09 18:21:55 Found available port: 8959 on IP: 0.0.0.0
2023/04/09 18:21:55 ui: [1;32m==> scarf-installer.qemu.archlinux: Starting HTTP server on port 8959[0m
2023/04/09 18:21:55 packer-plugin-qemu_v1.0.0_x5.0_linux_amd64 plugin: 2023/04/09 18:21:55 Looking for available communicator (SSH, WinRM, etc) port between 2222 and 4444
2023/04/09 18:21:55 packer-plugin-qemu_v1.0.0_x5.0_linux_amd64 plugin: 2023/04/09 18:21:55 Found available port: 4310 on IP: 127.0.0.1
2023/04/09 18:21:55 ui: [1;32m==> scarf-installer.qemu.archlinux: Found port for communicator (SSH, WinRM, etc): 4310.[0m
2023/04/09 18:21:55 ui: [1;32m==> scarf-installer.qemu.archlinux: Looking for available port between 5910 and 5910 on 127.0.0.1[0m
2023/04/09 18:21:55 packer-plugin-qemu_v1.0.0_x5.0_linux_amd64 plugin: 2023/04/09 18:21:55 Looking for available port between 5910 and 5910 on 127.0.0.1
2023/04/09 18:21:55 packer-plugin-qemu_v1.0.0_x5.0_linux_amd64 plugin: 2023/04/09 18:21:55 Found available port: 5910 on IP: 127.0.0.1
2023/04/09 18:21:55 packer-plugin-qemu_v1.0.0_x5.0_linux_amd64 plugin: 2023/04/09 18:21:55 Found available VNC port: 5910 on IP: 127.0.0.1
2023/04/09 18:21:55 packer-plugin-qemu_v1.0.0_x5.0_linux_amd64 plugin: 2023/04/09 18:21:55 Qemu --version output: QEMU emulator version 7.2.0
2023/04/09 18:21:55 packer-plugin-qemu_v1.0.0_x5.0_linux_amd64 plugin: Copyright (c) 2003-2022 Fabrice Bellard and the QEMU Project developers
2023/04/09 18:21:55 packer-plugin-qemu_v1.0.0_x5.0_linux_amd64 plugin: 2023/04/09 18:21:55 Qemu version: 7.2.0
2023/04/09 18:21:55 ui: [1;32m==> scarf-installer.qemu.archlinux: Starting VM, booting disk image[0m
2023/04/09 18:21:55 packer-plugin-qemu_v1.0.0_x5.0_linux_amd64 plugin: 2023/04/09 18:21:55 Qemu Builder has no floppy files, not attaching a floppy.
2023/04/09 18:21:55 ui: [1;32m==> scarf-installer.qemu.archlinux: Overriding default Qemu arguments with qemuargs template option...[0m
2023/04/09 18:21:55 packer-plugin-qemu_v1.0.0_x5.0_linux_amd64 plugin: 2023/04/09 18:21:55 Executing /usr/bin/qemu-system-x86_64: []string{"-monitor", "none", "-smp", "1", "-boot", "c", "-bios", "/usr/share/edk2-ovmf/x64/OVMF.fd", "-display", "gtk", "-vnc", "127.0.0.1:10", "-m", "1024M", "-machine", "type=pc,accel=kvm", "-device", "virtio-net,netdev=user.0", "-name", "scarf-installer.qcow2", "-netdev", "user,id=user.0,hostfwd=tcp::4310-:22", "-drive", "file=output/scarf-installer.qcow2,if=virtio,cache=writeback,discard=ignore,format=qcow2"}
2023/04/09 18:21:55 packer-plugin-qemu_v1.0.0_x5.0_linux_amd64 plugin: 2023/04/09 18:21:55 Started Qemu. Pid: 331240
2023/04/09 18:21:57 ui: [1;32m==> scarf-installer.qemu.archlinux: Waiting 1s for boot...[0m
2023/04/09 18:21:58 ui: [1;32m==> scarf-installer.qemu.archlinux: Connecting to VM via VNC (127.0.0.1:5910)[0m
2023/04/09 18:21:58 packer-plugin-qemu_v1.0.0_x5.0_linux_amd64 plugin: 2023/04/09 18:21:58 Connected to VNC desktop: QEMU (scarf-installer.qcow2)
2023/04/09 18:21:58 ui: [1;32m==> scarf-installer.qemu.archlinux: Typing the boot command over VNC...[0m
2023/04/09 18:21:58 packer-plugin-qemu_v1.0.0_x5.0_linux_amd64 plugin: 2023/04/09 18:21:58 Special code '<enter>' found, replacing with: 0xFF0D
2023/04/09 18:21:59 packer-plugin-qemu_v1.0.0_x5.0_linux_amd64 plugin: 2023/04/09 18:21:59 [INFO] Waiting 1m30s
2023/04/09 18:23:29 packer-plugin-qemu_v1.0.0_x5.0_linux_amd64 plugin: 2023/04/09 18:23:29 Sending char 'c', code 0x63, shift false
2023/04/09 18:23:29 packer-plugin-qemu_v1.0.0_x5.0_linux_amd64 plugin: 2023/04/09 18:23:29 Sending char 'u', code 0x75, shift false
2023/04/09 18:23:29 packer-plugin-qemu_v1.0.0_x5.0_linux_amd64 plugin: 2023/04/09 18:23:29 Sending char 'r', code 0x72, shift false
2023/04/09 18:23:29 packer-plugin-qemu_v1.0.0_x5.0_linux_amd64 plugin: 2023/04/09 18:23:29 Sending char 'l', code 0x6C, shift false
2023/04/09 18:23:29 packer-plugin-qemu_v1.0.0_x5.0_linux_amd64 plugin: 2023/04/09 18:23:29 Sending char ' ', code 0x20, shift false
2023/04/09 18:23:30 packer-plugin-qemu_v1.0.0_x5.0_linux_amd64 plugin: 2023/04/09 18:23:30 Sending char '-', code 0x2D, shift false
2023/04/09 18:23:30 packer-plugin-qemu_v1.0.0_x5.0_linux_amd64 plugin: 2023/04/09 18:23:30 Sending char 'O', code 0x4F, shift true
2023/04/09 18:23:30 packer-plugin-qemu_v1.0.0_x5.0_linux_amd64 plugin: 2023/04/09 18:23:30 Sending char ' ', code 0x20, shift false
2023/04/09 18:23:30 packer-plugin-qemu_v1.0.0_x5.0_linux_amd64 plugin: 2023/04/09 18:23:30 Sending char 'h', code 0x68, shift false
2023/04/09 18:23:31 packer-plugin-qemu_v1.0.0_x5.0_linux_amd64 plugin: 2023/04/09 18:23:31 Sending char 't', code 0x74, shift false
2023/04/09 18:23:31 packer-plugin-qemu_v1.0.0_x5.0_linux_amd64 plugin: 2023/04/09 18:23:31 Sending char 't', code 0x74, shift false
2023/04/09 18:23:31 packer-plugin-qemu_v1.0.0_x5.0_linux_amd64 plugin: 2023/04/09 18:23:31 Sending char 'p', code 0x70, shift false
2023/04/09 18:23:31 packer-plugin-qemu_v1.0.0_x5.0_linux_amd64 plugin: 2023/04/09 18:23:31 Sending char ':', code 0x3A, shift true
2023/04/09 18:23:32 packer-plugin-qemu_v1.0.0_x5.0_linux_amd64 plugin: 2023/04/09 18:23:32 Sending char '/', code 0x2F, shift false
2023/04/09 18:23:32 packer-plugin-qemu_v1.0.0_x5.0_linux_amd64 plugin: 2023/04/09 18:23:32 Sending char '/', code 0x2F, shift false
2023/04/09 18:23:32 packer-plugin-qemu_v1.0.0_x5.0_linux_amd64 plugin: 2023/04/09 18:23:32 Sending char '1', code 0x31, shift false
2023/04/09 18:23:32 packer-plugin-qemu_v1.0.0_x5.0_linux_amd64 plugin: 2023/04/09 18:23:32 Sending char '0', code 0x30, shift false
2023/04/09 18:23:32 packer-plugin-qemu_v1.0.0_x5.0_linux_amd64 plugin: 2023/04/09 18:23:32 Sending char '.', code 0x2E, shift false
2023/04/09 18:23:33 packer-plugin-qemu_v1.0.0_x5.0_linux_amd64 plugin: 2023/04/09 18:23:33 Sending char '0', code 0x30, shift false
2023/04/09 18:23:33 packer-plugin-qemu_v1.0.0_x5.0_linux_amd64 plugin: 2023/04/09 18:23:33 Sending char '.', code 0x2E, shift false
2023/04/09 18:23:33 packer-plugin-qemu_v1.0.0_x5.0_linux_amd64 plugin: 2023/04/09 18:23:33 Sending char '2', code 0x32, shift false
2023/04/09 18:23:33 packer-plugin-qemu_v1.0.0_x5.0_linux_amd64 plugin: 2023/04/09 18:23:33 Sending char '.', code 0x2E, shift false
2023/04/09 18:23:33 packer-plugin-qemu_v1.0.0_x5.0_linux_amd64 plugin: 2023/04/09 18:23:33 Sending char '2', code 0x32, shift false
2023/04/09 18:23:34 packer-plugin-qemu_v1.0.0_x5.0_linux_amd64 plugin: 2023/04/09 18:23:34 Sending char ':', code 0x3A, shift true
2023/04/09 18:23:34 packer-plugin-qemu_v1.0.0_x5.0_linux_amd64 plugin: 2023/04/09 18:23:34 Sending char '8', code 0x38, shift false
2023/04/09 18:23:34 packer-plugin-qemu_v1.0.0_x5.0_linux_amd64 plugin: 2023/04/09 18:23:34 Sending char '9', code 0x39, shift false
2023/04/09 18:23:34 packer-plugin-qemu_v1.0.0_x5.0_linux_amd64 plugin: 2023/04/09 18:23:34 Sending char '5', code 0x35, shift false
2023/04/09 18:23:35 packer-plugin-qemu_v1.0.0_x5.0_linux_amd64 plugin: 2023/04/09 18:23:35 Sending char '9', code 0x39, shift false
2023/04/09 18:23:35 packer-plugin-qemu_v1.0.0_x5.0_linux_amd64 plugin: 2023/04/09 18:23:35 Sending char '/', code 0x2F, shift false
2023/04/09 18:23:35 packer-plugin-qemu_v1.0.0_x5.0_linux_amd64 plugin: 2023/04/09 18:23:35 Sending char 'c', code 0x63, shift false
2023/04/09 18:23:35 packer-plugin-qemu_v1.0.0_x5.0_linux_amd64 plugin: 2023/04/09 18:23:35 Sending char 'f', code 0x66, shift false
2023/04/09 18:23:35 packer-plugin-qemu_v1.0.0_x5.0_linux_amd64 plugin: 2023/04/09 18:23:35 Sending char 'g', code 0x67, shift false
2023/04/09 18:23:36 packer-plugin-qemu_v1.0.0_x5.0_linux_amd64 plugin: 2023/04/09 18:23:36 Sending char '-', code 0x2D, shift false
2023/04/09 18:23:36 packer-plugin-qemu_v1.0.0_x5.0_linux_amd64 plugin: 2023/04/09 18:23:36 Sending char 'l', code 0x6C, shift false
2023/04/09 18:23:36 packer-plugin-qemu_v1.0.0_x5.0_linux_amd64 plugin: 2023/04/09 18:23:36 Sending char 'i', code 0x69, shift false
2023/04/09 18:23:36 packer-plugin-qemu_v1.0.0_x5.0_linux_amd64 plugin: 2023/04/09 18:23:36 Sending char 'v', code 0x76, shift false
2023/04/09 18:23:36 packer-plugin-qemu_v1.0.0_x5.0_linux_amd64 plugin: 2023/04/09 18:23:36 Sending char 'e', code 0x65, shift false
2023/04/09 18:23:37 packer-plugin-qemu_v1.0.0_x5.0_linux_amd64 plugin: 2023/04/09 18:23:37 Sending char 'V', code 0x56, shift true
2023/04/09 18:23:37 packer-plugin-qemu_v1.0.0_x5.0_linux_amd64 plugin: 2023/04/09 18:23:37 Sending char 'M', code 0x4D, shift true
2023/04/09 18:23:37 packer-plugin-qemu_v1.0.0_x5.0_linux_amd64 plugin: 2023/04/09 18:23:37 Sending char '.', code 0x2E, shift false
2023/04/09 18:23:38 packer-plugin-qemu_v1.0.0_x5.0_linux_amd64 plugin: 2023/04/09 18:23:38 Sending char 's', code 0x73, shift false
2023/04/09 18:23:38 packer-plugin-qemu_v1.0.0_x5.0_linux_amd64 plugin: 2023/04/09 18:23:38 Sending char 'h', code 0x68, shift false
2023/04/09 18:23:38 packer-plugin-qemu_v1.0.0_x5.0_linux_amd64 plugin: 2023/04/09 18:23:38 Sending char ' ', code 0x20, shift false
2023/04/09 18:23:38 packer-plugin-qemu_v1.0.0_x5.0_linux_amd64 plugin: 2023/04/09 18:23:38 Sending char '&', code 0x26, shift true
2023/04/09 18:23:39 packer-plugin-qemu_v1.0.0_x5.0_linux_amd64 plugin: 2023/04/09 18:23:39 Sending char '&', code 0x26, shift true
2023/04/09 18:23:39 packer-plugin-qemu_v1.0.0_x5.0_linux_amd64 plugin: 2023/04/09 18:23:39 Sending char ' ', code 0x20, shift false
2023/04/09 18:23:39 packer-plugin-qemu_v1.0.0_x5.0_linux_amd64 plugin: 2023/04/09 18:23:39 Sending char 'c', code 0x63, shift false
2023/04/09 18:23:39 packer-plugin-qemu_v1.0.0_x5.0_linux_amd64 plugin: 2023/04/09 18:23:39 Sending char 'h', code 0x68, shift false
2023/04/09 18:23:40 packer-plugin-qemu_v1.0.0_x5.0_linux_amd64 plugin: 2023/04/09 18:23:40 Sending char 'm', code 0x6D, shift false
2023/04/09 18:23:40 packer-plugin-qemu_v1.0.0_x5.0_linux_amd64 plugin: 2023/04/09 18:23:40 Sending char 'o', code 0x6F, shift false
2023/04/09 18:23:40 packer-plugin-qemu_v1.0.0_x5.0_linux_amd64 plugin: 2023/04/09 18:23:40 Sending char 'd', code 0x64, shift false
2023/04/09 18:23:40 packer-plugin-qemu_v1.0.0_x5.0_linux_amd64 plugin: 2023/04/09 18:23:40 Sending char ' ', code 0x20, shift false
2023/04/09 18:23:40 packer-plugin-qemu_v1.0.0_x5.0_linux_amd64 plugin: 2023/04/09 18:23:40 Sending char '+', code 0x2B, shift true
2023/04/09 18:23:41 packer-plugin-qemu_v1.0.0_x5.0_linux_amd64 plugin: 2023/04/09 18:23:41 Sending char 'x', code 0x78, shift false
2023/04/09 18:23:41 packer-plugin-qemu_v1.0.0_x5.0_linux_amd64 plugin: 2023/04/09 18:23:41 Sending char ' ', code 0x20, shift false
2023/04/09 18:23:41 packer-plugin-qemu_v1.0.0_x5.0_linux_amd64 plugin: 2023/04/09 18:23:41 Sending char 'c', code 0x63, shift false
2023/04/09 18:23:41 packer-plugin-qemu_v1.0.0_x5.0_linux_amd64 plugin: 2023/04/09 18:23:41 Sending char 'f', code 0x66, shift false
2023/04/09 18:23:42 packer-plugin-qemu_v1.0.0_x5.0_linux_amd64 plugin: 2023/04/09 18:23:42 Sending char 'g', code 0x67, shift false
2023/04/09 18:23:42 packer-plugin-qemu_v1.0.0_x5.0_linux_amd64 plugin: 2023/04/09 18:23:42 Sending char '-', code 0x2D, shift false
2023/04/09 18:23:42 packer-plugin-qemu_v1.0.0_x5.0_linux_amd64 plugin: 2023/04/09 18:23:42 Sending char 'l', code 0x6C, shift false
2023/04/09 18:23:42 packer-plugin-qemu_v1.0.0_x5.0_linux_amd64 plugin: 2023/04/09 18:23:42 Sending char 'i', code 0x69, shift false
2023/04/09 18:23:42 packer-plugin-qemu_v1.0.0_x5.0_linux_amd64 plugin: 2023/04/09 18:23:42 Sending char 'v', code 0x76, shift false
2023/04/09 18:23:43 packer-plugin-qemu_v1.0.0_x5.0_linux_amd64 plugin: 2023/04/09 18:23:43 Sending char 'e', code 0x65, shift false
2023/04/09 18:23:43 packer-plugin-qemu_v1.0.0_x5.0_linux_amd64 plugin: 2023/04/09 18:23:43 Sending char 'V', code 0x56, shift true
2023/04/09 18:23:43 packer-plugin-qemu_v1.0.0_x5.0_linux_amd64 plugin: 2023/04/09 18:23:43 Sending char 'M', code 0x4D, shift true
2023/04/09 18:23:44 packer-plugin-qemu_v1.0.0_x5.0_linux_amd64 plugin: 2023/04/09 18:23:44 Sending char '.', code 0x2E, shift false
2023/04/09 18:23:44 packer-plugin-qemu_v1.0.0_x5.0_linux_amd64 plugin: 2023/04/09 18:23:44 Sending char 's', code 0x73, shift false
2023/04/09 18:23:44 packer-plugin-qemu_v1.0.0_x5.0_linux_amd64 plugin: 2023/04/09 18:23:44 Sending char 'h', code 0x68, shift false
2023/04/09 18:23:44 packer-plugin-qemu_v1.0.0_x5.0_linux_amd64 plugin: 2023/04/09 18:23:44 Sending char ' ', code 0x20, shift false
2023/04/09 18:23:45 packer-plugin-qemu_v1.0.0_x5.0_linux_amd64 plugin: 2023/04/09 18:23:45 Sending char '&', code 0x26, shift true
2023/04/09 18:23:45 packer-plugin-qemu_v1.0.0_x5.0_linux_amd64 plugin: 2023/04/09 18:23:45 Sending char '&', code 0x26, shift true
2023/04/09 18:23:45 packer-plugin-qemu_v1.0.0_x5.0_linux_amd64 plugin: 2023/04/09 18:23:45 Sending char ' ', code 0x20, shift false
2023/04/09 18:23:46 packer-plugin-qemu_v1.0.0_x5.0_linux_amd64 plugin: 2023/04/09 18:23:46 Sending char '.', code 0x2E, shift false
2023/04/09 18:23:46 packer-plugin-qemu_v1.0.0_x5.0_linux_amd64 plugin: 2023/04/09 18:23:46 Sending char '/', code 0x2F, shift false
2023/04/09 18:23:46 packer-plugin-qemu_v1.0.0_x5.0_linux_amd64 plugin: 2023/04/09 18:23:46 Sending char 'c', code 0x63, shift false
2023/04/09 18:23:46 packer-plugin-qemu_v1.0.0_x5.0_linux_amd64 plugin: 2023/04/09 18:23:46 Sending char 'f', code 0x66, shift false
2023/04/09 18:23:46 packer-plugin-qemu_v1.0.0_x5.0_linux_amd64 plugin: 2023/04/09 18:23:46 Sending char 'g', code 0x67, shift false
2023/04/09 18:23:47 packer-plugin-qemu_v1.0.0_x5.0_linux_amd64 plugin: 2023/04/09 18:23:47 Sending char '-', code 0x2D, shift false
2023/04/09 18:23:47 packer-plugin-qemu_v1.0.0_x5.0_linux_amd64 plugin: 2023/04/09 18:23:47 Sending char 'l', code 0x6C, shift false
2023/04/09 18:23:47 packer-plugin-qemu_v1.0.0_x5.0_linux_amd64 plugin: 2023/04/09 18:23:47 Sending char 'i', code 0x69, shift false
2023/04/09 18:23:47 packer-plugin-qemu_v1.0.0_x5.0_linux_amd64 plugin: 2023/04/09 18:23:47 Sending char 'v', code 0x76, shift false
2023/04/09 18:23:47 packer-plugin-qemu_v1.0.0_x5.0_linux_amd64 plugin: 2023/04/09 18:23:47 Sending char 'e', code 0x65, shift false
2023/04/09 18:23:48 packer-plugin-qemu_v1.0.0_x5.0_linux_amd64 plugin: 2023/04/09 18:23:48 Sending char 'V', code 0x56, shift true
2023/04/09 18:23:48 packer-plugin-qemu_v1.0.0_x5.0_linux_amd64 plugin: 2023/04/09 18:23:48 Sending char 'M', code 0x4D, shift true
2023/04/09 18:23:48 packer-plugin-qemu_v1.0.0_x5.0_linux_amd64 plugin: 2023/04/09 18:23:48 Sending char '.', code 0x2E, shift false
2023/04/09 18:23:49 packer-plugin-qemu_v1.0.0_x5.0_linux_amd64 plugin: 2023/04/09 18:23:49 Sending char 's', code 0x73, shift false
2023/04/09 18:23:49 packer-plugin-qemu_v1.0.0_x5.0_linux_amd64 plugin: 2023/04/09 18:23:49 Sending char 'h', code 0x68, shift false
2023/04/09 18:23:49 packer-plugin-qemu_v1.0.0_x5.0_linux_amd64 plugin: 2023/04/09 18:23:49 Sending char ' ', code 0x20, shift false
2023/04/09 18:23:49 packer-plugin-qemu_v1.0.0_x5.0_linux_amd64 plugin: 2023/04/09 18:23:49 Sending char '8', code 0x38, shift false
2023/04/09 18:23:49 packer-plugin-qemu_v1.0.0_x5.0_linux_amd64 plugin: 2023/04/09 18:23:49 Sending char '9', code 0x39, shift false
2023/04/09 18:23:50 packer-plugin-qemu_v1.0.0_x5.0_linux_amd64 plugin: 2023/04/09 18:23:50 Sending char '5', code 0x35, shift false
2023/04/09 18:23:50 packer-plugin-qemu_v1.0.0_x5.0_linux_amd64 plugin: 2023/04/09 18:23:50 Sending char '9', code 0x39, shift false
2023/04/09 18:23:50 packer-plugin-qemu_v1.0.0_x5.0_linux_amd64 plugin: 2023/04/09 18:23:50 Special code '<enter>' found, replacing with: 0xFF0D
2023/04/09 18:23:50 ui: [0;32m    scarf-installer.qemu.archlinux: Not using a NetBridge -- skipping StepWaitGuestAddress[0m
2023/04/09 18:23:50 ui: [1;32m==> scarf-installer.qemu.archlinux: Using SSH communicator to connect: 127.0.0.1[0m
2023/04/09 18:23:50 packer-plugin-qemu_v1.0.0_x5.0_linux_amd64 plugin: 2023/04/09 18:23:50 [INFO] Waiting for SSH, up to timeout: 20m0s
2023/04/09 18:23:50 ui: [1;32m==> scarf-installer.qemu.archlinux: Waiting for SSH to become available...[0m
2023/04/09 18:23:50 packer-plugin-qemu_v1.0.0_x5.0_linux_amd64 plugin: 2023/04/09 18:23:50 [INFO] Attempting SSH connection to 127.0.0.1:4310...
2023/04/09 18:23:50 packer-plugin-qemu_v1.0.0_x5.0_linux_amd64 plugin: 2023/04/09 18:23:50 [DEBUG] reconnecting to TCP connection for SSH
2023/04/09 18:23:50 packer-plugin-qemu_v1.0.0_x5.0_linux_amd64 plugin: 2023/04/09 18:23:50 [DEBUG] handshaking with SSH
2023/04/09 18:23:50 packer-plugin-qemu_v1.0.0_x5.0_linux_amd64 plugin: 2023/04/09 18:23:50 [DEBUG] SSH handshake err: ssh: handshake failed: ssh: unable to authenticate, attempted methods [none publickey], no supported methods remain
2023/04/09 18:23:50 packer-plugin-qemu_v1.0.0_x5.0_linux_amd64 plugin: 2023/04/09 18:23:50 [DEBUG] Detected authentication error. Increasing handshake attempts.
2023/04/09 18:23:57 packer-plugin-qemu_v1.0.0_x5.0_linux_amd64 plugin: 2023/04/09 18:23:57 [INFO] Attempting SSH connection to 127.0.0.1:4310...
2023/04/09 18:23:57 packer-plugin-qemu_v1.0.0_x5.0_linux_amd64 plugin: 2023/04/09 18:23:57 [DEBUG] reconnecting to TCP connection for SSH
2023/04/09 18:23:57 packer-plugin-qemu_v1.0.0_x5.0_linux_amd64 plugin: 2023/04/09 18:23:57 [DEBUG] handshaking with SSH
2023/04/09 18:23:58 packer-plugin-qemu_v1.0.0_x5.0_linux_amd64 plugin: 2023/04/09 18:23:58 [DEBUG] handshake complete!
2023/04/09 18:23:58 packer-plugin-qemu_v1.0.0_x5.0_linux_amd64 plugin: 2023/04/09 18:23:58 [DEBUG] Opening new ssh session
2023/04/09 18:23:58 packer-plugin-qemu_v1.0.0_x5.0_linux_amd64 plugin: 2023/04/09 18:23:58 [INFO] agent forwarding enabled
2023/04/09 18:23:58 ui: [1;32m==> scarf-installer.qemu.archlinux: Connected to SSH![0m
2023/04/09 18:23:58 packer-plugin-qemu_v1.0.0_x5.0_linux_amd64 plugin: 2023/04/09 18:23:58 Running the provision hook
2023/04/09 18:23:58 [INFO] (telemetry) Starting provisioner file
2023/04/09 18:23:58 ui: [1;32m==> scarf-installer.qemu.archlinux: Uploading ./files => /tmp/[0m
2023/04/09 18:23:58 packer-plugin-qemu_v1.0.0_x5.0_linux_amd64 plugin: 2023/04/09 18:23:58 [DEBUG] Upload dir './files' to '/tmp/'
2023/04/09 18:23:58 packer-plugin-qemu_v1.0.0_x5.0_linux_amd64 plugin: 2023/04/09 18:23:58 [DEBUG] Opening new ssh session
2023/04/09 18:23:58 packer-plugin-qemu_v1.0.0_x5.0_linux_amd64 plugin: 2023/04/09 18:23:58 [DEBUG] Starting remote scp process:  scp -rvt /tmp/
2023/04/09 18:23:58 packer-plugin-qemu_v1.0.0_x5.0_linux_amd64 plugin: 2023/04/09 18:23:58 [DEBUG] Started SCP session, beginning transfers...
2023/04/09 18:23:58 packer-plugin-qemu_v1.0.0_x5.0_linux_amd64 plugin: 2023/04/09 18:23:58 [DEBUG] No trailing slash, creating the source directory name
2023/04/09 18:23:58 packer-plugin-qemu_v1.0.0_x5.0_linux_amd64 plugin: 2023/04/09 18:23:58 [DEBUG] SCP: starting directory upload: files
2023/04/09 18:23:58 packer-plugin-qemu_v1.0.0_x5.0_linux_amd64 plugin: 2023/04/09 18:23:58 [DEBUG] scp: Uploading yr-af.map: perms=C0644 size=3717
2023/04/09 18:23:58 packer-plugin-qemu_v1.0.0_x5.0_linux_amd64 plugin: 2023/04/09 18:23:58 [DEBUG] scp: Uploading packer-archlinux.py: perms=C0644 size=6777
2023/04/09 18:23:58 packer-plugin-qemu_v1.0.0_x5.0_linux_amd64 plugin: 2023/04/09 18:23:58 [DEBUG] scp: Uploading user_credentials.json: perms=C0644 size=47
2023/04/09 18:23:58 packer-plugin-qemu_v1.0.0_x5.0_linux_amd64 plugin: 2023/04/09 18:23:58 [DEBUG] scp: Uploading user_disk_layout.json: perms=C0644 size=805
2023/04/09 18:23:58 packer-plugin-qemu_v1.0.0_x5.0_linux_amd64 plugin: 2023/04/09 18:23:58 [DEBUG] scp: Uploading user_configuration.json: perms=C0644 size=542
2023/04/09 18:23:58 packer-plugin-qemu_v1.0.0_x5.0_linux_amd64 plugin: 2023/04/09 18:23:58 [DEBUG] SCP session complete, closing stdin pipe.
2023/04/09 18:23:58 packer-plugin-qemu_v1.0.0_x5.0_linux_amd64 plugin: 2023/04/09 18:23:58 [DEBUG] Waiting for SSH session to complete.
2023/04/09 18:23:58 packer-plugin-qemu_v1.0.0_x5.0_linux_amd64 plugin: 2023/04/09 18:23:58 [DEBUG] scp stderr (length 402): Sink: D0755 0 files
2023/04/09 18:23:58 packer-plugin-qemu_v1.0.0_x5.0_linux_amd64 plugin: Sink: C0644 3717 yr-af.map
2023/04/09 18:23:58 packer-plugin-qemu_v1.0.0_x5.0_linux_amd64 plugin: scp: debug1: fd 0 clearing O_NONBLOCK
2023/04/09 18:23:58 packer-plugin-qemu_v1.0.0_x5.0_linux_amd64 plugin: Sink: C0644 6777 packer-archlinux.py
2023/04/09 18:23:58 packer-plugin-qemu_v1.0.0_x5.0_linux_amd64 plugin: scp: debug1: fd 0 clearing O_NONBLOCK
2023/04/09 18:23:58 packer-plugin-qemu_v1.0.0_x5.0_linux_amd64 plugin: Sink: C0644 47 user_credentials.json
2023/04/09 18:23:58 packer-plugin-qemu_v1.0.0_x5.0_linux_amd64 plugin: scp: debug1: fd 0 clearing O_NONBLOCK
2023/04/09 18:23:58 packer-plugin-qemu_v1.0.0_x5.0_linux_amd64 plugin: Sink: C0644 805 user_disk_layout.json
2023/04/09 18:23:58 packer-plugin-qemu_v1.0.0_x5.0_linux_amd64 plugin: scp: debug1: fd 0 clearing O_NONBLOCK
2023/04/09 18:23:58 packer-plugin-qemu_v1.0.0_x5.0_linux_amd64 plugin: Sink: C0644 542 user_configuration.json
2023/04/09 18:23:58 packer-plugin-qemu_v1.0.0_x5.0_linux_amd64 plugin: scp: debug1: fd 0 clearing O_NONBLOCK
2023/04/09 18:23:58 packer-plugin-qemu_v1.0.0_x5.0_linux_amd64 plugin: Sink: E
2023/04/09 18:23:58 [INFO] (telemetry) ending file
2023/04/09 18:23:58 [INFO] (telemetry) Starting provisioner shell
2023/04/09 18:23:58 ui: [1;32m==> scarf-installer.qemu.archlinux: Pausing 10s before the next provisioner...[0m
2023/04/09 18:24:08 ui: [1;32m==> scarf-installer.qemu.archlinux: Provisioning with shell script: scripts/setup.sh[0m
2023/04/09 18:24:08 packer-provisioner-shell plugin: Opening scripts/setup.sh for reading
2023/04/09 18:24:08 packer-provisioner-shell plugin: [INFO] 933 bytes written for 'uploadData'
2023/04/09 18:24:08 [INFO] 933 bytes written for 'uploadData'
2023/04/09 18:24:08 packer-plugin-qemu_v1.0.0_x5.0_linux_amd64 plugin: 2023/04/09 18:24:08 [DEBUG] Opening new ssh session
2023/04/09 18:24:08 packer-plugin-qemu_v1.0.0_x5.0_linux_amd64 plugin: 2023/04/09 18:24:08 [DEBUG] Starting remote scp process:  scp -vt /tmp
2023/04/09 18:24:08 packer-plugin-qemu_v1.0.0_x5.0_linux_amd64 plugin: 2023/04/09 18:24:08 [DEBUG] Started SCP session, beginning transfers...
2023/04/09 18:24:08 packer-plugin-qemu_v1.0.0_x5.0_linux_amd64 plugin: 2023/04/09 18:24:08 [DEBUG] Copying input data into temporary file so we can read the length
2023/04/09 18:24:08 packer-plugin-qemu_v1.0.0_x5.0_linux_amd64 plugin: 2023/04/09 18:24:08 [DEBUG] scp: Uploading script_7397.sh: perms=C0644 size=933
2023/04/09 18:24:08 packer-plugin-qemu_v1.0.0_x5.0_linux_amd64 plugin: 2023/04/09 18:24:08 [DEBUG] SCP session complete, closing stdin pipe.
2023/04/09 18:24:08 packer-plugin-qemu_v1.0.0_x5.0_linux_amd64 plugin: 2023/04/09 18:24:08 [DEBUG] Waiting for SSH session to complete.
2023/04/09 18:24:08 packer-plugin-qemu_v1.0.0_x5.0_linux_amd64 plugin: 2023/04/09 18:24:08 [DEBUG] scp stderr (length 70): Sink: C0644 933 script_7397.sh
2023/04/09 18:24:08 packer-plugin-qemu_v1.0.0_x5.0_linux_amd64 plugin: scp: debug1: fd 0 clearing O_NONBLOCK
2023/04/09 18:24:08 packer-plugin-qemu_v1.0.0_x5.0_linux_amd64 plugin: 2023/04/09 18:24:08 [DEBUG] Opening new ssh session
2023/04/09 18:24:08 packer-plugin-qemu_v1.0.0_x5.0_linux_amd64 plugin: 2023/04/09 18:24:08 [DEBUG] starting remote command: chmod 0755 /tmp/script_7397.sh
2023/04/09 18:24:08 [INFO] RPC client: Communicator ended with: 0
2023/04/09 18:24:08 [INFO] RPC endpoint: Communicator ended with: 0
2023/04/09 18:24:08 packer-plugin-qemu_v1.0.0_x5.0_linux_amd64 plugin: 2023/04/09 18:24:08 [INFO] RPC endpoint: Communicator ended with: 0
2023/04/09 18:24:08 packer-provisioner-shell plugin: [INFO] RPC client: Communicator ended with: 0
2023/04/09 18:24:08 packer-plugin-qemu_v1.0.0_x5.0_linux_amd64 plugin: 2023/04/09 18:24:08 [DEBUG] Opening new ssh session
2023/04/09 18:24:08 packer-plugin-qemu_v1.0.0_x5.0_linux_amd64 plugin: 2023/04/09 18:24:08 [DEBUG] starting remote command: PACKER_BUILDER_TYPE='qemu' PACKER_BUILD_NAME='archlinux' PACKER_HTTP_ADDR='10.0.2.2:8959' PACKER_HTTP_IP='10.0.2.2' PACKER_HTTP_PORT='8959'  sudo -E bash '/tmp/script_7397.sh'
2023/04/09 18:24:08 ui: [0;32m    scarf-installer.qemu.archlinux: passwd: password changed.[0m
2023/04/09 18:24:08 ui: [0;32m    scarf-installer.qemu.archlinux: >>>> setup.sh: Setting pacman mirrors of liveVM..[0m
2023/04/09 18:24:23 ui: [0;32m    scarf-installer.qemu.archlinux: >>>> setup.sh: Performing installation..[0m
2023/04/09 18:24:24 ui: [0;32m    scarf-installer.qemu.archlinux: Loading /tmp/files/user_credentials.json:[0m
2023/04/09 18:24:24 ui: [0;32m    scarf-installer.qemu.archlinux: Loading /tmp/files/user_configuration.json:[0m
2023/04/09 18:24:24 ui: [0;32m    scarf-installer.qemu.archlinux: Loading /tmp/files/user_disk_layout.json:[0m
2023/04/09 18:24:51 ui: [0;32m    scarf-installer.qemu.archlinux: block_devices: {'/dev/sr0': BlockDevice(/dev/sr0, size=1.0GB, free_space=?, bus_type=ata), '/dev/fd0': BlockDevice(/dev/fd0, size=0.0GB, free_space=?, bus_type=None), '/dev/vda': BlockDevice(/dev/vda, size=4.0GB, free_space=833MB+3447MB, bus_type=None)}[0m
2023/04/09 18:24:51 ui: [0;32m    scarf-installer.qemu.archlinux:  ! Formatting /dev/vda[0m
2023/04/09 18:24:51 ui: [0;32m    scarf-installer.qemu.archlinux: Creating a new partition label on /dev/vda[0m
2023/04/09 18:24:52 ui: [0;32m    scarf-installer.qemu.archlinux: Could not execute partprobe: SysCallError("['/usr/bin/partprobe', '/dev/vda'] exited with abnormal exit code [1]: b'Error: Partition(s) 1 on /dev/vda have been written, but we have been unable to inform the kernel of the change, probably because it/they are in use.  As a result, the old partition(s) will remain in use.  You should reboot now before making further changes.\\r\\n'")[0m
2023/04/09 18:24:52 ui error: [1;31m==> scarf-installer.qemu.archlinux: Traceback (most recent call last):[0m
2023/04/09 18:24:52 ui error: [1;31m==> scarf-installer.qemu.archlinux:   File "/usr/lib/python3.10/site-packages/archinstall/lib/disk/filesystem.py", line 175, in partprobe[0m
2023/04/09 18:24:52 ui error: [1;31m==> scarf-installer.qemu.archlinux:     SysCommand(f'partprobe {self.blockdevice.device}')[0m
2023/04/09 18:24:52 ui error: [1;31m==> scarf-installer.qemu.archlinux:   File "/usr/lib/python3.10/site-packages/archinstall/lib/general.py", line 459, in __init__[0m
2023/04/09 18:24:52 ui error: [1;31m==> scarf-installer.qemu.archlinux:     self.create_session()[0m
2023/04/09 18:24:52 ui error: [1;31m==> scarf-installer.qemu.archlinux:   File "/usr/lib/python3.10/site-packages/archinstall/lib/general.py", line 510, in create_session[0m
2023/04/09 18:24:52 ui error: [1;31m==> scarf-installer.qemu.archlinux:     with SysCommandWorker([0m
2023/04/09 18:24:52 ui error: [1;31m==> scarf-installer.qemu.archlinux:   File "/usr/lib/python3.10/site-packages/archinstall/lib/general.py", line 284, in __exit__[0m
2023/04/09 18:24:52 ui error: [1;31m==> scarf-installer.qemu.archlinux:     raise SysCallError(f"{self.cmd} exited with abnormal exit code [{self.exit_code}]: {self._trace_log[-500:]}", self.exit_code, worker=self)[0m
2023/04/09 18:24:52 ui error: [1;31m==> scarf-installer.qemu.archlinux: archinstall.lib.exceptions.SysCallError: ['/usr/bin/partprobe', '/dev/vda'] exited with abnormal exit code [1]: b'Error: Partition(s) 1 on /dev/vda have been written, but we have been unable to inform the kernel of the change, probably because it/they are in use.  As a result, the old partition(s) will remain in use.  You should reboot now before making further changes.\r\n'[0m
2023/04/09 18:24:52 ui error: [1;31m==> scarf-installer.qemu.archlinux:[0m
2023/04/09 18:24:52 ui error: [1;31m==> scarf-installer.qemu.archlinux: During handling of the above exception, another exception occurred:[0m
2023/04/09 18:24:52 ui error: [1;31m==> scarf-installer.qemu.archlinux:[0m
2023/04/09 18:24:52 ui error: [1;31m==> scarf-installer.qemu.archlinux: Traceback (most recent call last):[0m
2023/04/09 18:24:52 ui error: [1;31m==> scarf-installer.qemu.archlinux:   File "/usr/bin/archinstall", line 8, in <module>[0m
2023/04/09 18:24:52 ui error: [1;31m==> scarf-installer.qemu.archlinux:     sys.exit(run_as_a_module())[0m
2023/04/09 18:24:52 ui error: [1;31m==> scarf-installer.qemu.archlinux:   File "/usr/lib/python3.10/site-packages/archinstall/__init__.py", line 312, in run_as_a_module[0m
2023/04/09 18:24:52 ui error: [1;31m==> scarf-installer.qemu.archlinux:     script.execute()[0m
2023/04/09 18:24:52 ui error: [1;31m==> scarf-installer.qemu.archlinux:   File "/usr/lib/python3.10/site-packages/archinstall/lib/profiles.py", line 195, in execute[0m
2023/04/09 18:24:52 ui error: [1;31m==> scarf-installer.qemu.archlinux:     self.spec.loader.exec_module(sys.modules[self.namespace])[0m
2023/04/09 18:24:52 ui error: [1;31m==> scarf-installer.qemu.archlinux:   File "<frozen importlib._bootstrap_external>", line 883, in exec_module[0m
2023/04/09 18:24:52 ui error: [1;31m==> scarf-installer.qemu.archlinux:   File "<frozen importlib._bootstrap>", line 241, in _call_with_frames_removed[0m
2023/04/09 18:24:52 ui error: [1;31m==> scarf-installer.qemu.archlinux:   File "/tmp/files/packer-archlinux.py", line 182, in <module>[0m
2023/04/09 18:24:52 ui error: [1;31m==> scarf-installer.qemu.archlinux:     unattended_installer()[0m
2023/04/09 18:24:52 ui error: [1;31m==> scarf-installer.qemu.archlinux:   File "/tmp/files/packer-archlinux.py", line 178, in unattended_installer[0m
2023/04/09 18:24:52 ui error: [1;31m==> scarf-installer.qemu.archlinux:     format_disks(block_devices, disk_layouts)[0m
2023/04/09 18:24:52 ui error: [1;31m==> scarf-installer.qemu.archlinux:   File "/tmp/files/packer-archlinux.py", line 51, in format_disks[0m
2023/04/09 18:24:52 ui error: [1;31m==> scarf-installer.qemu.archlinux:     with archinstall.Filesystem(block_devices[disk], mode) as fs:[0m
2023/04/09 18:24:52 ui error: [1;31m==> scarf-installer.qemu.archlinux:   File "/usr/lib/python3.10/site-packages/archinstall/lib/disk/filesystem.py", line 46, in __exit__[0m
2023/04/09 18:24:52 ui error: [1;31m==> scarf-installer.qemu.archlinux:     raise args[1][0m
2023/04/09 18:24:52 ui error: [1;31m==> scarf-installer.qemu.archlinux:   File "/tmp/files/packer-archlinux.py", line 53, in format_disks[0m
2023/04/09 18:24:52 ui error: [1;31m==> scarf-installer.qemu.archlinux:     fs.load_layout(disk_layouts[disk])[0m
2023/04/09 18:24:52 ui error: [1;31m==> scarf-installer.qemu.archlinux:   File "/usr/lib/python3.10/site-packages/archinstall/lib/disk/filesystem.py", line 75, in load_layout[0m
2023/04/09 18:24:52 ui error: [1;31m==> scarf-installer.qemu.archlinux:     if not self.parted_mklabel(self.blockdevice.device, "gpt"):[0m
2023/04/09 18:24:52 ui error: [1;31m==> scarf-installer.qemu.archlinux:   File "/usr/lib/python3.10/site-packages/archinstall/lib/disk/filesystem.py", line 297, in parted_mklabel[0m
2023/04/09 18:24:52 ui error: [1;31m==> scarf-installer.qemu.archlinux:     self.partprobe()[0m
2023/04/09 18:24:52 ui error: [1;31m==> scarf-installer.qemu.archlinux:   File "/usr/lib/python3.10/site-packages/archinstall/lib/disk/filesystem.py", line 178, in partprobe[0m
2023/04/09 18:24:52 ui error: [1;31m==> scarf-installer.qemu.archlinux:     raise DiskError(f"Could not run partprobe on {self.blockdevice.device}: {error!r}")[0m
2023/04/09 18:24:52 ui error: [1;31m==> scarf-installer.qemu.archlinux: archinstall.lib.exceptions.DiskError: Could not run partprobe on /dev/vda: SysCallError("['/usr/bin/partprobe', '/dev/vda'] exited with abnormal exit code [1]: b'Error: Partition(s) 1 on /dev/vda have been written, but we have been unable to inform the kernel of the change, probably because it/they are in use.  As a result, the old partition(s) will remain in use.  You should reboot now before making further changes.\\r\\n'")[0m
2023/04/09 18:24:52 ui: [0;32m    scarf-installer.qemu.archlinux: >>>> setup.sh: Completed installation..[0m
2023/04/09 18:24:52 ui: [0;32m    scarf-installer.qemu.archlinux: >>>> setup.sh: - Begin Arch Installer -[0m
2023/04/09 18:24:52 ui: [0;32m    scarf-installer.qemu.archlinux: Loading /tmp/files/user_credentials.json:[0m
2023/04/09 18:24:52 ui: [0;32m    scarf-installer.qemu.archlinux: Loading /tmp/files/user_configuration.json:[0m
2023/04/09 18:24:52 ui: [0;32m    scarf-installer.qemu.archlinux: Loading /tmp/files/user_disk_layout.json:[0m
2023/04/09 18:24:52 ui: [0;32m    scarf-installer.qemu.archlinux: Could not get block device information using blkid() using command blkid -p -o export /dev/sr0[0m
2023/04/09 18:24:52 ui: [0;32m    scarf-installer.qemu.archlinux: Could not get free space on /dev/sr0: ['/usr/bin/parted', '-s', '--machine', '/dev/sr0', 'print', 'free'] exited with abnormal exit code [1]: b'Error: Error opening /dev/sr0: No medium found\r\n'[0m
2023/04/09 18:24:52 ui: [0;32m    scarf-installer.qemu.archlinux: Could not get block device information using blkid() using command blkid -p -o export /dev/fd0[0m
2023/04/09 18:24:52 packer-plugin-qemu_v1.0.0_x5.0_linux_amd64 plugin: 2023/04/09 18:24:52 [INFO] RPC endpoint: Communicator ended with: 0
2023/04/09 18:24:52 [INFO] 3033 bytes written for 'stdout'
2023/04/09 18:24:52 [INFO] 3146 bytes written for 'stderr'
2023/04/09 18:24:52 [INFO] RPC client: Communicator ended with: 0
2023/04/09 18:24:52 [INFO] RPC endpoint: Communicator ended with: 0
2023/04/09 18:24:52 ui: [0;32m    scarf-installer.qemu.archlinux: Could not get free space on /dev/fd0: ['/usr/bin/parted', '-s', '--machine', '/dev/fd0', 'print', 'free'] exited with abnormal exit code [1]: b'Error: Error opening /dev/fd0: No such device or address\r\n'[0m
2023/04/09 18:24:52 packer-provisioner-shell plugin: [INFO] 3033 bytes written for 'stdout'
2023/04/09 18:24:52 packer-provisioner-shell plugin: [INFO] 3146 bytes written for 'stderr'
2023/04/09 18:24:52 packer-provisioner-shell plugin: [INFO] RPC client: Communicator ended with: 0
2023/04/09 18:24:52 ui: [0;32m    scarf-installer.qemu.archlinux: Unreliable results might be given for /dev/vda1 due to partprobe error: ['/usr/bin/partprobe', '/dev/vda'] exited with abnormal exit code [1]: b'Error: Partition(s) 1 on /dev/vda have been written, but we have been unable to inform the kernel of the change, probably because it/they are in use.  As a result, the old partition(s) will remain in use.  You should reboot now before making further changes.\r\n'[0m
2023/04/09 18:24:52 ui: [0;32m    scarf-installer.qemu.archlinux: Unreliable results might be given for /dev/vda2 due to partprobe error: ['/usr/bin/partprobe', '/dev/vda'] exited with abnormal exit code [1]: b'Error: Partition(s) 1 on /dev/vda have been written, but we have been unable to inform the kernel of the change, probably because it/they are in use.  As a result, the old partition(s) will remain in use.  You should reboot now before making further changes.\r\n'[0m
2023/04/09 18:24:52 ui: [0;32m    scarf-installer.qemu.archlinux: Creating a new partition label on /dev/vda[0m
2023/04/09 18:24:52 ui: [0;32m    scarf-installer.qemu.archlinux: Could not execute partprobe: SysCallError("['/usr/bin/partprobe', '/dev/vda'] exited with abnormal exit code [1]: b'Error: Partition(s) 1 on /dev/vda have been written, but we have been unable to inform the kernel of the change, probably because it/they are in use.  As a result, the old partition(s) will remain in use.  You should reboot now before making further changes.\\r\\n'")[0m
2023/04/09 18:24:52 ui: [0;32m    scarf-installer.qemu.archlinux: >>>> setup.sh: - End Arch Installer -[0m
2023/04/09 18:24:52 packer-plugin-qemu_v1.0.0_x5.0_linux_amd64 plugin: 2023/04/09 18:24:52 [DEBUG] Opening new ssh session
2023/04/09 18:24:52 packer-plugin-qemu_v1.0.0_x5.0_linux_amd64 plugin: 2023/04/09 18:24:52 [DEBUG] starting remote command: rm -f /tmp/script_7397.sh
2023/04/09 18:24:52 packer-plugin-qemu_v1.0.0_x5.0_linux_amd64 plugin: 2023/04/09 18:24:52 [INFO] RPC endpoint: Communicator ended with: 0
2023/04/09 18:24:52 [INFO] RPC client: Communicator ended with: 0
2023/04/09 18:24:52 [INFO] RPC endpoint: Communicator ended with: 0
2023/04/09 18:24:52 packer-provisioner-shell plugin: [INFO] RPC client: Communicator ended with: 0
2023/04/09 18:24:52 packer-plugin-qemu_v1.0.0_x5.0_linux_amd64 plugin: 2023/04/09 18:24:52 [DEBUG] Opening new ssh session
2023/04/09 18:24:52 packer-plugin-qemu_v1.0.0_x5.0_linux_amd64 plugin: 2023/04/09 18:24:52 [DEBUG] starting remote command: rm -f
2023/04/09 18:24:52 packer-plugin-qemu_v1.0.0_x5.0_linux_amd64 plugin: 2023/04/09 18:24:52 [INFO] RPC endpoint: Communicator ended with: 0
2023/04/09 18:24:52 [INFO] RPC client: Communicator ended with: 0
2023/04/09 18:24:52 [INFO] RPC endpoint: Communicator ended with: 0
2023/04/09 18:24:52 [INFO] (telemetry) ending shell
2023/04/09 18:24:52 packer-provisioner-shell plugin: [INFO] RPC client: Communicator ended with: 0
2023/04/09 18:24:52 ui: [1;32m==> scarf-installer.qemu.archlinux: Gracefully halting virtual machine...[0m
2023/04/09 18:24:52 packer-plugin-qemu_v1.0.0_x5.0_linux_amd64 plugin: 2023/04/09 18:24:52 Executing shutdown command: sudo systemctl poweroff
2023/04/09 18:24:52 packer-plugin-qemu_v1.0.0_x5.0_linux_amd64 plugin: 2023/04/09 18:24:52 [DEBUG] Opening new ssh session
2023/04/09 18:24:52 packer-plugin-qemu_v1.0.0_x5.0_linux_amd64 plugin: 2023/04/09 18:24:52 [DEBUG] starting remote command: sudo systemctl poweroff
2023/04/09 18:24:52 packer-plugin-qemu_v1.0.0_x5.0_linux_amd64 plugin: 2023/04/09 18:24:52 Waiting max 5m0s for shutdown to complete
2023/04/09 18:24:54 ui: [1;32m==> scarf-installer.qemu.archlinux: Converting hard drive...[0m
2023/04/09 18:24:54 packer-plugin-qemu_v1.0.0_x5.0_linux_amd64 plugin: 2023/04/09 18:24:54 VM shut down.
2023/04/09 18:24:54 packer-plugin-qemu_v1.0.0_x5.0_linux_amd64 plugin: 2023/04/09 18:24:54 Executing qemu-img: []string{"convert", "-c", "-O", "qcow2", "output/scarf-installer.qcow2", "output/scarf-installer.qcow2.convert"}
2023/04/09 18:25:34 packer-plugin-qemu_v1.0.0_x5.0_linux_amd64 plugin: 2023/04/09 18:25:34 stdout:
2023/04/09 18:25:34 packer-plugin-qemu_v1.0.0_x5.0_linux_amd64 plugin: 2023/04/09 18:25:34 stderr:
2023/04/09 18:25:34 packer-plugin-qemu_v1.0.0_x5.0_linux_amd64 plugin: 2023/04/09 18:25:34 failed to unlock port lockfile: close tcp 127.0.0.1:5910: use of closed network connection
2023/04/09 18:25:34 packer-plugin-qemu_v1.0.0_x5.0_linux_amd64 plugin: 2023/04/09 18:25:34 failed to unlock port lockfile: close tcp 127.0.0.1:4310: use of closed network connection
2023/04/09 18:25:34 [INFO] (telemetry) ending qemu.archlinux
2023/04/09 18:25:34 ui: [1;32m==> scarf-installer.qemu.archlinux: Running post-processor:  (type vagrant)[0m
2023/04/09 18:25:34 [INFO] (telemetry) Starting post-processor vagrant
2023/04/09 18:25:34 ui: [1;32m==> scarf-installer.qemu.archlinux (vagrant): Creating a dummy Vagrant box to ensure the host system can create one correctly[0m
2023/04/09 18:25:34 packer-post-processor-vagrant plugin: Turning dir into box: /tmp/packer1439709136 => /tmp/box-1291975709.box
2023/04/09 18:25:34 packer-post-processor-vagrant plugin: Compressing with gzip compression level: -1
2023/04/09 18:25:34 packer-post-processor-vagrant plugin: Skipping directory '/tmp/packer1439709136' for box '/tmp/box-1291975709.box'
2023/04/09 18:25:34 packer-post-processor-vagrant plugin: Box add: '/tmp/packer1439709136/metadata.json' to '/tmp/box-1291975709.box'
2023/04/09 18:25:34 ui: [1;32m==> scarf-installer.qemu.archlinux (vagrant): Creating Vagrant box for 'libvirt' provider[0m
2023/04/09 18:25:34 ui: [0;32m    scarf-installer.qemu.archlinux (vagrant): Copying from artifact: output/scarf-installer.qcow2[0m
2023/04/09 18:25:34 ui: [0;32m    scarf-installer.qemu.archlinux (vagrant): Using custom Vagrantfile: templates/vagrantfile.tpl[0m
2023/04/09 18:25:34 packer-post-processor-vagrant plugin: Turning dir into box: /tmp/packer3561711338 => output/scarf-installer_qemu_archlinux-2023-04.box
2023/04/09 18:25:34 packer-post-processor-vagrant plugin: Compressing with gzip compression level: -1
2023/04/09 18:25:34 packer-post-processor-vagrant plugin: Skipping directory '/tmp/packer3561711338' for box 'output/scarf-installer_qemu_archlinux-2023-04.box'
2023/04/09 18:25:34 packer-post-processor-vagrant plugin: Box add: '/tmp/packer3561711338/Vagrantfile' to 'output/scarf-installer_qemu_archlinux-2023-04.box'
2023/04/09 18:25:34 ui: [0;32m    scarf-installer.qemu.archlinux (vagrant): Compressing: Vagrantfile[0m
2023/04/09 18:25:34 packer-post-processor-vagrant plugin: Box add: '/tmp/packer3561711338/box.img' to 'output/scarf-installer_qemu_archlinux-2023-04.box'
2023/04/09 18:25:34 ui: [0;32m    scarf-installer.qemu.archlinux (vagrant): Compressing: box.img[0m
2023/04/09 18:25:35 packer-post-processor-vagrant plugin: Box add: '/tmp/packer3561711338/metadata.json' to 'output/scarf-installer_qemu_archlinux-2023-04.box'
2023/04/09 18:25:35 ui: [0;32m    scarf-installer.qemu.archlinux (vagrant): Compressing: metadata.json[0m
2023/04/09 18:25:36 [INFO] (telemetry) ending vagrant
2023/04/09 18:25:36 Flagging to keep original artifact from post-processor 'vagrant'
2023/04/09 18:25:36 ui: [1;32mBuild 'scarf-installer.qemu.archlinux' finished after 3 minutes 49 seconds.[0m
2023/04/09 18:25:36 ui: 
==> Wait completed after 3 minutes 49 seconds
2023/04/09 18:25:36 ui: 
==> Builds finished. The artifacts of successful builds are:
2023/04/09 18:25:36 machine readable: scarf-installer.qemu.archlinux,artifact-count []string{"2"}
2023/04/09 18:25:36 machine readable: scarf-installer.qemu.archlinux,artifact []string{"0", "builder-id", "transcend.qemu"}
2023/04/09 18:25:36 machine readable: scarf-installer.qemu.archlinux,artifact []string{"0", "id", "VM"}
2023/04/09 18:25:36 machine readable: scarf-installer.qemu.archlinux,artifact []string{"0", "string", "VM files in directory: output"}
2023/04/09 18:25:36 machine readable: scarf-installer.qemu.archlinux,artifact []string{"0", "files-count", "1"}
2023/04/09 18:25:36 machine readable: scarf-installer.qemu.archlinux,artifact []string{"0", "file", "0", "output/scarf-installer.qcow2"}
2023/04/09 18:25:36 machine readable: scarf-installer.qemu.archlinux,artifact []string{"0", "end"}
2023/04/09 18:25:36 ui: --> scarf-installer.qemu.archlinux: VM files in directory: output
2023/04/09 18:25:36 machine readable: scarf-installer.qemu.archlinux,artifact []string{"1", "builder-id", "mitchellh.post-processor.vagrant"}
2023/04/09 18:25:36 machine readable: scarf-installer.qemu.archlinux,artifact []string{"1", "id", "libvirt"}
2023/04/09 18:25:36 machine readable: scarf-installer.qemu.archlinux,artifact []string{"1", "string", "'libvirt' provider box: output/scarf-installer_qemu_archlinux-2023-04.box"}
2023/04/09 18:25:36 machine readable: scarf-installer.qemu.archlinux,artifact []string{"1", "files-count", "1"}
2023/04/09 18:25:36 machine readable: scarf-installer.qemu.archlinux,artifact []string{"1", "file", "0", "output/scarf-installer_qemu_archlinux-2023-04.box"}
2023/04/09 18:25:36 machine readable: scarf-installer.qemu.archlinux,artifact []string{"1", "end"}
2023/04/09 18:25:36 ui: --> scarf-installer.qemu.archlinux: 'libvirt' provider box: output/scarf-installer_qemu_archlinux-2023-04.box
2023/04/09 18:25:36 [INFO] (telemetry) Finalizing.
2023/04/09 18:25:36 waiting for all plugin processes to complete...
2023/04/09 18:25:36 /home/folaht/.config/packer/plugins/github.com/hashicorp/qemu/packer-plugin-qemu_v1.0.0_x5.0_linux_amd64: plugin process exited
2023/04/09 18:25:36 /usr/bin/packer: plugin process exited
2023/04/09 18:25:36 /usr/bin/packer: plugin process exited
2023/04/09 18:25:36 /usr/bin/packer: plugin process exited
